INFO: 2025-02-22 07:45:28,920: main() 'Using profile folder /home/jezs/.config/variety/'
INFO: 2025-02-22 07:45:28,921: perform_upgrade() 'Last run version was 0.8.12 or earlier, current version is 0.8.12'
ERROR: 2025-02-22 07:45:28,921: perform_upgrade() 'Error during version upgrade. Continuing.'
Traceback (most recent call last):
  File "/usr/lib/python3.13/site-packages/variety/VarietyWindow.py", line 2283, in perform_upgrade
    if Util.compare_versions(last_version, "0.4.13") < 0:
       ~~~~~~~~~~~~~~~~~~~~~^^^^^^^^^^^^^^^^^^^^^^^^
  File "/usr/lib/python3.13/site-packages/variety/Util.py", line 768, in compare_versions
    from pkg_resources import parse_version
ModuleNotFoundError: No module named 'pkg_resources'
INFO: 2025-02-22 07:45:28,922: process_command() 'Received command: []'
INFO: 2025-02-22 07:45:28,924: start() 'Using data_path /usr/share/variety'
INFO: 2025-02-22 07:45:28,924: load() 'Jumble loading'
INFO: 2025-02-22 07:45:28,924: _walk_modules() 'Jumble loading module in __init__ from /usr/lib/python3.13/site-packages/variety/plugins/builtin/__init__.py'
INFO: 2025-02-22 07:45:28,924: _walk_modules() 'Jumble loading module in UnsplashDownloader from /usr/lib/python3.13/site-packages/variety/plugins/builtin/downloaders/UnsplashDownloader.py'
INFO: 2025-02-22 07:45:28,925: load() 'Jumble found plugin class: <class 'UnsplashDownloader.UnsplashDownloader'>: {'name': 'UnsplashDownloader', 'description': 'Fotografías de alta resolución de Unsplash.com', 'author': 'Peter Levi', 'version': '0.1'}'
INFO: 2025-02-22 07:45:28,925: _walk_modules() 'Jumble loading module in NationalGeographicDownloader from /usr/lib/python3.13/site-packages/variety/plugins/builtin/downloaders/NationalGeographicDownloader.py'
INFO: 2025-02-22 07:45:28,925: load() 'Jumble found plugin class: <class 'NationalGeographicDownloader.NationalGeographicDownloader'>: {'name': 'NationalGeographicDownloader', 'description': "National Geographic's photo of the day", 'author': 'Eric Rösch', 'version': '0.1'}'
INFO: 2025-02-22 07:45:28,925: _walk_modules() 'Jumble loading module in ArtStationDownloader from /usr/lib/python3.13/site-packages/variety/plugins/builtin/downloaders/ArtStationDownloader.py'
INFO: 2025-02-22 07:45:28,925: _walk_modules() 'Jumble loading module in RedditSource from /usr/lib/python3.13/site-packages/variety/plugins/builtin/downloaders/RedditSource.py'
INFO: 2025-02-22 07:45:28,926: load() 'Jumble found plugin class: <class 'RedditSource.RedditSource'>: {'name': 'RedditSource', 'description': 'Configurable source for fetching images from Reddit', 'author': 'Peter Levi', 'version': '0.1'}'
INFO: 2025-02-22 07:45:28,926: _walk_modules() 'Jumble loading module in UnsplashConfigurableSource from /usr/lib/python3.13/site-packages/variety/plugins/builtin/downloaders/UnsplashConfigurableSource.py'
INFO: 2025-02-22 07:45:28,927: load() 'Jumble found plugin class: <class 'UnsplashConfigurableSource.UnsplashConfigurableSource'>: {'name': 'UnsplashConfigurableSource', 'description': 'Configurable source for fetching photos from Unsplash.com', 'author': 'Peter Levi', 'version': '0.1'}'
INFO: 2025-02-22 07:45:28,927: _walk_modules() 'Jumble loading module in MediaRSSSource from /usr/lib/python3.13/site-packages/variety/plugins/builtin/downloaders/MediaRSSSource.py'
INFO: 2025-02-22 07:45:28,927: load() 'Jumble found plugin class: <class 'MediaRSSSource.MediaRSSSource'>: {'name': 'MediaRSSSource', 'description': 'Configurable source for fetching images from MediaRSS feeds', 'author': 'Peter Levi', 'version': '0.1'}'
INFO: 2025-02-22 07:45:28,928: _walk_modules() 'Jumble loading module in ArtStationSource from /usr/lib/python3.13/site-packages/variety/plugins/builtin/downloaders/ArtStationSource.py'
INFO: 2025-02-22 07:45:28,928: load() 'Jumble found plugin class: <class 'ArtStationSource.ArtStationSource'>: {'name': 'ArtStationSource', 'description': 'Configurable source for fetching images from ArtStation', 'author': 'Denis Gordeev', 'version': '0.1'}'
INFO: 2025-02-22 07:45:28,928: _walk_modules() 'Jumble loading module in EarthviewDownloader from /usr/lib/python3.13/site-packages/variety/plugins/builtin/downloaders/EarthviewDownloader.py'
INFO: 2025-02-22 07:45:28,928: load() 'Jumble found plugin class: <class 'EarthviewDownloader.EarthviewDownloader'>: {'name': 'EarthviewDownloader', 'description': 'Google Earth View Wallpapers', 'author': 'Peter Levi', 'version': '0.1'}'
INFO: 2025-02-22 07:45:28,928: _walk_modules() 'Jumble loading module in WallhavenSource from /usr/lib/python3.13/site-packages/variety/plugins/builtin/downloaders/WallhavenSource.py'
INFO: 2025-02-22 07:45:28,929: load() 'Jumble found plugin class: <class 'WallhavenSource.WallhavenSource'>: {'name': 'WallhavenSource', 'description': 'Configurable source for fetching images from Wallhaven.cc', 'author': 'Peter Levi', 'version': '0.1'}'
INFO: 2025-02-22 07:45:28,929: _walk_modules() 'Jumble loading module in __init__ from /usr/lib/python3.13/site-packages/variety/plugins/builtin/downloaders/__init__.py'
INFO: 2025-02-22 07:45:28,929: _walk_modules() 'Jumble loading module in WallhavenDownloader from /usr/lib/python3.13/site-packages/variety/plugins/builtin/downloaders/WallhavenDownloader.py'
INFO: 2025-02-22 07:45:28,930: _walk_modules() 'Jumble loading module in APODDownloader from /usr/lib/python3.13/site-packages/variety/plugins/builtin/downloaders/APODDownloader.py'
INFO: 2025-02-22 07:45:28,930: load() 'Jumble found plugin class: <class 'APODDownloader.APODDownloader'>: {'name': 'APODDownloader', 'description': 'NASA Astro Pic of the Day', 'author': 'Peter Levi', 'version': '0.1'}'
INFO: 2025-02-22 07:45:28,930: _walk_modules() 'Jumble loading module in BingDownloader from /usr/lib/python3.13/site-packages/variety/plugins/builtin/downloaders/BingDownloader.py'
INFO: 2025-02-22 07:45:28,931: load() 'Jumble found plugin class: <class 'BingDownloader.BingDownloader'>: {'name': 'BingDownloader', 'description': 'Foto del día de Bing', 'author': 'Peter Levi', 'version': '0.1'}'
INFO: 2025-02-22 07:45:28,931: _walk_modules() 'Jumble loading module in WallhavenLegacyDownloader from /usr/lib/python3.13/site-packages/variety/plugins/builtin/downloaders/WallhavenLegacyDownloader.py'
INFO: 2025-02-22 07:45:28,931: _walk_modules() 'Jumble loading module in MediaRSSDownloader from /usr/lib/python3.13/site-packages/variety/plugins/builtin/downloaders/MediaRSSDownloader.py'
INFO: 2025-02-22 07:45:28,931: _walk_modules() 'Jumble loading module in RedditDownloader from /usr/lib/python3.13/site-packages/variety/plugins/builtin/downloaders/RedditDownloader.py'
INFO: 2025-02-22 07:45:28,932: _walk_modules() 'Jumble loading module in LegacyDisplayModesPlugin from /usr/lib/python3.13/site-packages/variety/plugins/builtin/display_modes/LegacyDisplayModesPlugin.py'
INFO: 2025-02-22 07:45:28,932: load() 'Jumble found plugin class: <class 'LegacyDisplayModesPlugin.LegacyDisplayModesPlugin'>: {'name': 'LegacyDisplayModesPlugin', 'description': 'Legacy display mode for compatibility with past Variety versions', 'version': '1.0', 'author': 'Peter Levi'}'
INFO: 2025-02-22 07:45:28,932: _walk_modules() 'Jumble loading module in GnomeDisplayModesPlugin from /usr/lib/python3.13/site-packages/variety/plugins/builtin/display_modes/GnomeDisplayModesPlugin.py'
INFO: 2025-02-22 07:45:28,932: load() 'Jumble found plugin class: <class 'GnomeDisplayModesPlugin.GnomeDisplayModesPlugin'>: {'name': 'GnomeDisplayModesPlugin', 'description': 'Display modes relying on the underlying desktop environment', 'version': '1.0', 'author': 'Peter Levi'}'
INFO: 2025-02-22 07:45:28,932: _walk_modules() 'Jumble loading module in __init__ from /usr/lib/python3.13/site-packages/variety/plugins/builtin/display_modes/__init__.py'
INFO: 2025-02-22 07:45:28,932: _walk_modules() 'Jumble loading module in ResizingDisplayModesPlugin from /usr/lib/python3.13/site-packages/variety/plugins/builtin/display_modes/ResizingDisplayModesPlugin.py'
INFO: 2025-02-22 07:45:28,933: load() 'Jumble found plugin class: <class 'ResizingDisplayModesPlugin.ResizingDisplayModesPlugin'>: {'name': 'ResizingDisplayModesPlugin', 'description': 'Display modes that use image resizing within Variety', 'version': '1.0', 'author': 'Peter Levi'}'
INFO: 2025-02-22 07:45:28,933: _walk_modules() 'Jumble loading module in FortuneSource from /usr/lib/python3.13/site-packages/variety/plugins/builtin/quotes/FortuneSource.py'
INFO: 2025-02-22 07:45:28,933: load() 'Jumble found plugin class: <class 'FortuneSource.FortuneSource'>: {'name': 'UNIX fortune program', 'description': 'Displays quotes using the UNIX fortune program. You may want to install additional fortune packs, e.g. fortunes-bofh-excuses.', 'author': 'Dan Jones', 'version': '0.1'}'
INFO: 2025-02-22 07:45:28,933: _walk_modules() 'Jumble loading module in UrbanDictionarySource from /usr/lib/python3.13/site-packages/variety/plugins/builtin/quotes/UrbanDictionarySource.py'
INFO: 2025-02-22 07:45:28,933: load() 'Jumble found plugin class: <class 'UrbanDictionarySource.UrbanDictionarySource'>: {'name': 'Urban Dictionary', 'description': 'Displays definitions from Urban Dictionary', 'author': 'James Miller', 'version': '0.1'}'
INFO: 2025-02-22 07:45:28,934: _walk_modules() 'Jumble loading module in QuotationsPageSource from /usr/lib/python3.13/site-packages/variety/plugins/builtin/quotes/QuotationsPageSource.py'
INFO: 2025-02-22 07:45:28,958: load() 'Jumble found plugin class: <class 'QuotationsPageSource.QuotationsPageSource'>: {'name': 'TheQuotationsPage.com', 'description': 'Fetches quotes from TheQuotationsPage.com', 'author': 'Peter Levi', 'version': '0.1'}'
INFO: 2025-02-22 07:45:28,958: _walk_modules() 'Jumble loading module in __init__ from /usr/lib/python3.13/site-packages/variety/plugins/builtin/quotes/__init__.py'
INFO: 2025-02-22 07:45:28,958: _walk_modules() 'Jumble loading module in LocalFilesSource from /usr/lib/python3.13/site-packages/variety/plugins/builtin/quotes/LocalFilesSource.py'
INFO: 2025-02-22 07:45:28,959: load() 'Jumble found plugin class: <class 'LocalFilesSource.LocalFilesSource'>: {'name': 'Local text files', 'description': 'Displays quotes, defined in local text files.\nPut your own txt files in: ~/.config/variety/pluginconfig/quotes/.\nThe file format is:\n\nquote -- author\n.\nsecond quote -- another author\n.\netc...\n\nExample: http://rvelthuis.de/zips/quotes.txt', 'author': 'Peter Levi', 'version': '0.1'}'
INFO: 2025-02-22 07:45:28,959: _walk_modules() 'Jumble loading module in GoodreadsSource from /usr/lib/python3.13/site-packages/variety/plugins/builtin/quotes/GoodreadsSource.py'
INFO: 2025-02-22 07:45:28,959: load() 'Jumble found plugin class: <class 'GoodreadsSource.GoodreadsSource'>: {'name': 'Goodreads', 'description': 'Fetches quotes from Goodreads.com', 'author': 'Peter Levi', 'version': '0.1'}'
INFO: 2025-02-22 07:45:28,965: log_options() 'Loaded options:'
INFO: 2025-02-22 07:45:28,965: log_options() 'change_enabled = True'
INFO: 2025-02-22 07:45:28,965: log_options() 'change_interval = 300'
INFO: 2025-02-22 07:45:28,965: log_options() 'change_on_start = False'
INFO: 2025-02-22 07:45:28,965: log_options() 'clipboard_enabled = False'
INFO: 2025-02-22 07:45:28,965: log_options() 'clipboard_hosts = ['wallhaven.cc', 'wallpapers.net', 'flickr.com', 'imgur.com', 'deviantart.com', 'interfacelift.com', 'vladstudio.com', 'imageshack.us', 'deviantart.net', 'imageshack.com']'
INFO: 2025-02-22 07:45:28,965: log_options() 'clipboard_use_whitelist = True'
INFO: 2025-02-22 07:45:28,965: log_options() 'clock_date_font = Serif 30'
INFO: 2025-02-22 07:45:28,965: log_options() 'clock_enabled = True'
INFO: 2025-02-22 07:45:28,965: log_options() 'clock_filter = -density 100 -font `fc-match -f '%{file[0]}' '%CLOCK_FONT_NAME'` -pointsize %CLOCK_FONT_SIZE -gravity SouthEast -fill '#00000044' -annotate 0x0+[%HOFFSET+58]+[%VOFFSET+108] '%H:%M' -fill white -annotate 0x0+[%HOFFSET+60]+[%VOFFSET+110] '%H:%M' -font `fc-match -f '%{file[0]}' '%DATE_FONT_NAME'` -pointsize %DATE_FONT_SIZE -fill '#00000044' -annotate 0x0+[%HOFFSET+58]+[%VOFFSET+58] '%A, %B %d' -fill white -annotate 0x0+[%HOFFSET+60]+[%VOFFSET+60] '%A, %B %d''
INFO: 2025-02-22 07:45:28,965: log_options() 'clock_font = Serif 70'
INFO: 2025-02-22 07:45:28,965: log_options() 'configfile = /home/jezs/.config/variety/variety.conf'
INFO: 2025-02-22 07:45:28,965: log_options() 'copyto_enabled = False'
INFO: 2025-02-22 07:45:28,965: log_options() 'copyto_folder = Default'
INFO: 2025-02-22 07:45:28,965: log_options() 'desired_color = [160, 160, 160]'
INFO: 2025-02-22 07:45:28,965: log_options() 'desired_color_enabled = False'
INFO: 2025-02-22 07:45:28,965: log_options() 'download_folder = /home/jezs/.config/variety/Downloaded'
INFO: 2025-02-22 07:45:28,966: log_options() 'download_preference_ratio = 0.9'
INFO: 2025-02-22 07:45:28,966: log_options() 'favorites_folder = /home/jezs/.config/variety/Favorites'
INFO: 2025-02-22 07:45:28,966: log_options() 'favorites_operations = [['Downloaded', 'Copy'], ['Fetched', 'Move'], ['Others', 'Copy']]'
INFO: 2025-02-22 07:45:28,966: log_options() 'fetched_folder = /home/jezs/.config/variety/wallpaper'
INFO: 2025-02-22 07:45:28,966: log_options() 'filters = [[False, 'Keep original', ''], [False, 'Grayscale', '-type Grayscale'], [False, 'Heavy blur', '-scale 20% -blur 0x10 -resize 500%'], [False, 'Soft blur', '-scale 20% -blur 0x2 -resize 500%'], [False, 'Oil painting', '-paint 8'], [False, 'Pointilism', '-spread 10 -noise 3'], [False, 'Pixellate', '-scale 3% -scale 3333%']]'
INFO: 2025-02-22 07:45:28,966: log_options() 'get_wallpaper_script = /home/jezs/.config/variety/scripts/get_wallpaper'
INFO: 2025-02-22 07:45:28,966: log_options() 'icon = Light'
INFO: 2025-02-22 07:45:28,966: log_options() 'internet_enabled = True'
INFO: 2025-02-22 07:45:28,966: log_options() 'lightness_enabled = False'
INFO: 2025-02-22 07:45:28,966: log_options() 'lightness_mode = 0'
INFO: 2025-02-22 07:45:28,966: log_options() 'min_rating = 4'
INFO: 2025-02-22 07:45:28,966: log_options() 'min_rating_enabled = False'
INFO: 2025-02-22 07:45:28,966: log_options() 'min_size = 80'
INFO: 2025-02-22 07:45:28,966: log_options() 'min_size_enabled = False'
INFO: 2025-02-22 07:45:28,966: log_options() 'quota_enabled = True'
INFO: 2025-02-22 07:45:28,966: log_options() 'quota_size = 1000'
INFO: 2025-02-22 07:45:28,966: log_options() 'quotes_authors = '
INFO: 2025-02-22 07:45:28,966: log_options() 'quotes_bg_color = [80, 80, 80]'
INFO: 2025-02-22 07:45:28,966: log_options() 'quotes_bg_opacity = 71'
INFO: 2025-02-22 07:45:28,966: log_options() 'quotes_change_enabled = False'
INFO: 2025-02-22 07:45:28,966: log_options() 'quotes_change_interval = 300'
INFO: 2025-02-22 07:45:28,966: log_options() 'quotes_disabled_sources = ['Urban Dictionary']'
INFO: 2025-02-22 07:45:28,966: log_options() 'quotes_enabled = False'
INFO: 2025-02-22 07:45:28,966: log_options() 'quotes_favorites_file = /home/jezs/.config/variety/favorite_quotes.txt'
INFO: 2025-02-22 07:45:28,966: log_options() 'quotes_font = Serif 30'
INFO: 2025-02-22 07:45:28,966: log_options() 'quotes_hpos = 100'
INFO: 2025-02-22 07:45:28,966: log_options() 'quotes_max_length = 250'
INFO: 2025-02-22 07:45:28,966: log_options() 'quotes_tags = '
INFO: 2025-02-22 07:45:28,966: log_options() 'quotes_text_color = [255, 255, 255]'
INFO: 2025-02-22 07:45:28,966: log_options() 'quotes_text_shadow = False'
INFO: 2025-02-22 07:45:28,966: log_options() 'quotes_vpos = 40'
INFO: 2025-02-22 07:45:28,966: log_options() 'quotes_width = 70'
INFO: 2025-02-22 07:45:28,966: log_options() 'safe_mode = False'
INFO: 2025-02-22 07:45:28,966: log_options() 'set_wallpaper_script = /home/jezs/.config/variety/scripts/set_wallpaper'
INFO: 2025-02-22 07:45:28,966: log_options() 'slideshow_custom_enabled = False'
INFO: 2025-02-22 07:45:28,966: log_options() 'slideshow_custom_folder = /home/jezs/Imágenes'
INFO: 2025-02-22 07:45:28,966: log_options() 'slideshow_downloads_enabled = False'
INFO: 2025-02-22 07:45:28,966: log_options() 'slideshow_fade = 0.4'
INFO: 2025-02-22 07:45:28,966: log_options() 'slideshow_favorites_enabled = True'
INFO: 2025-02-22 07:45:28,966: log_options() 'slideshow_mode = Fullscreen'
INFO: 2025-02-22 07:45:28,966: log_options() 'slideshow_monitor = All'
INFO: 2025-02-22 07:45:28,966: log_options() 'slideshow_pan = 0.05'
INFO: 2025-02-22 07:45:28,966: log_options() 'slideshow_seconds = 6.0'
INFO: 2025-02-22 07:45:28,966: log_options() 'slideshow_sort_order = Random'
INFO: 2025-02-22 07:45:28,966: log_options() 'slideshow_sources_enabled = True'
INFO: 2025-02-22 07:45:28,966: log_options() 'slideshow_zoom = 0.2'
INFO: 2025-02-22 07:45:28,966: log_options() 'smart_enabled = False'
INFO: 2025-02-22 07:45:28,966: log_options() 'smart_notice_shown = False'
INFO: 2025-02-22 07:45:28,966: log_options() 'smart_register_shown = False'
INFO: 2025-02-22 07:45:28,966: log_options() 'sources = [[False, 'favorites', 'The Favorites folder'], [False, 'fetched', 'The Fetched folder'], [False, 'folder', '/usr/share/backgrounds'], [False, 'flickr', 'user:www.flickr.com/photos/peter-levi/;user_id:93647178@N00;'], [False, 'apod', "NASA's Astronomy Picture of the Day"], [False, 'earthview', 'Google Earth View Wallpapers'], [False, 'bing', 'Bing Photo of the Day'], [False, 'natgeo', "National Geographic's photo of the day"], [False, 'unsplash', 'High-resolution photos from Unsplash.com'], [True, 'folder', '/home/jezs/Descargas/Wallpapers-main']]'
INFO: 2025-02-22 07:45:28,966: log_options() 'stats_enabled = True'
INFO: 2025-02-22 07:45:28,966: log_options() 'stats_notice_shown = False'
INFO: 2025-02-22 07:45:28,966: log_options() 'sync_enabled = True'
INFO: 2025-02-22 07:45:28,966: log_options() 'use_landscape_enabled = True'
INFO: 2025-02-22 07:45:28,967: log_options() 'wallhaven_api_key = '
INFO: 2025-02-22 07:45:28,967: log_options() 'wallpaper_auto_rotate = False'
INFO: 2025-02-22 07:45:28,967: log_options() 'wallpaper_display_mode = os'
INFO: 2025-02-22 07:45:28,967: reload_config() 'No need to clear prepared queue'
INFO: 2025-02-22 07:45:28,967: clock_thread_method() 'clock thread running'
INFO: 2025-02-22 07:45:28,967: update_indicator() 'Setting file info to: /home/jezs/Descargas/Wallpapers-main/137349.jpg'
INFO: 2025-02-22 07:45:28,967: load_banned() 'Missing or invalid banned URLs list, no URLs will be banned'
INFO: 2025-02-22 07:45:28,967: load_last_change_time() 'Change interval < 6 hours, ignore persisted last_change_time, wait initially the whole interval: 300'
INFO: 2025-02-22 07:45:28,968: update_indicator() 'Setting file info to: /home/jezs/Descargas/Wallpapers-main/137349.jpg'
INFO: 2025-02-22 07:45:28,968: regular_change_thread() 'regular_change thread running'
INFO: 2025-02-22 07:45:28,968: prepare_thread() 'Prepare thread running'
INFO: 2025-02-22 07:45:28,968: prepare_thread() 'Prepared buffer contains 0 images'
INFO: 2025-02-22 07:45:28,968: prepare_thread() 'Preparing some images'
INFO: 2025-02-22 07:45:28,969: update_indicator_icon() 'Creating indicator'
WARNING: 2025-02-22 07:45:28,974: create_menu() 'Variety Slideshow is not installed. This is an optional extension adding pan-and-zoom slideshows to Variety: see https://github.com/peterlevi/variety-slideshow for details'
INFO: 2025-02-22 07:45:28,975: create_indicator() 'indicator backend: fallback tray'
INFO: 2025-02-22 07:45:28,997: prepare_thread() 'After search prepared buffer contains 80 images'
INFO: 2025-02-22 07:45:29,008: set_from_theme_icon() 'Showing status icon variety-indicator from GTK theme'
INFO: 2025-02-22 07:45:29,068: do_set_wp() 'Calling do_set_wp with /home/jezs/Descargas/Wallpapers-main/137349.jpg, time: 1740228329.0682313'
INFO: 2025-02-22 07:45:29,070: compute_trimmed_offsets() 'Trimmed offsets debug info: w:1920, h:1080, ratio:1.777778, iw:1920, ih:1200, scw:1920, sch:1200, ho:0, vo:60'
INFO: 2025-02-22 07:45:29,070: build_imagemagick_clock_cmd() 'Applying clock filter: -density 100 -font `fc-match -f '%{file[0]}' 'Serif:70'` -pointsize 70 -gravity SouthEast -fill '#00000044' -annotate 0x0+58+168 '07:45' -fill white -annotate 0x0+60+170 '07:45' -font `fc-match -f '%{file[0]}' 'Serif:30'` -pointsize 30 -fill '#00000044' -annotate 0x0+58+118 'sábado, febrero 22' -fill white -annotate 0x0+60+120 'sábado, febrero 22''
INFO: 2025-02-22 07:45:29,070: build_imagemagick_clock_cmd() 'ImageMagick clock cmd: convert /home/jezs/Descargas/Wallpapers-main/137349.jpg -scale 1920x1080^ -density 100 -font `fc-match -f '%{file[0]}' 'Serif:70'` -pointsize 70 -gravity SouthEast -fill '#00000044' -annotate 0x0+58+168 '07:45' -fill white -annotate 0x0+60+170 '07:45' -font `fc-match -f '%{file[0]}' 'Serif:30'` -pointsize 30 -fill '#00000044' -annotate 0x0+58+118 'sábado, febrero 22' -fill white -annotate 0x0+60+120 'sábado, febrero 22' /home/jezs/.config/variety/wallpaper/wallpaper-clock-4abeb3f341d1989b4d31de3559fc56aa.jpg'
INFO: 2025-02-22 07:45:29,208: update_indicator() 'Setting file info to: /home/jezs/Descargas/Wallpapers-main/137349.jpg'
INFO: 2025-02-22 07:45:29,209: list_files() 'More than 1 files in the folders, stop listing'
INFO: 2025-02-22 07:45:29,967: clock_thread_method() 'clock_thread updates wallpaper'
INFO: 2025-02-22 07:45:30,069: do_set_wp() 'Calling do_set_wp with /home/jezs/Descargas/Wallpapers-main/137349.jpg, time: 1740228330.069517'
INFO: 2025-02-22 07:45:30,070: compute_trimmed_offsets() 'Trimmed offsets debug info: w:1920, h:1080, ratio:1.777778, iw:1920, ih:1200, scw:1920, sch:1200, ho:0, vo:60'
INFO: 2025-02-22 07:45:30,070: build_imagemagick_clock_cmd() 'Applying clock filter: -density 100 -font `fc-match -f '%{file[0]}' 'Serif:70'` -pointsize 70 -gravity SouthEast -fill '#00000044' -annotate 0x0+58+168 '07:45' -fill white -annotate 0x0+60+170 '07:45' -font `fc-match -f '%{file[0]}' 'Serif:30'` -pointsize 30 -fill '#00000044' -annotate 0x0+58+118 'sábado, febrero 22' -fill white -annotate 0x0+60+120 'sábado, febrero 22''
INFO: 2025-02-22 07:45:30,070: build_imagemagick_clock_cmd() 'ImageMagick clock cmd: convert /home/jezs/Descargas/Wallpapers-main/137349.jpg -scale 1920x1080^ -density 100 -font `fc-match -f '%{file[0]}' 'Serif:70'` -pointsize 70 -gravity SouthEast -fill '#00000044' -annotate 0x0+58+168 '07:45' -fill white -annotate 0x0+60+170 '07:45' -font `fc-match -f '%{file[0]}' 'Serif:30'` -pointsize 30 -fill '#00000044' -annotate 0x0+58+118 'sábado, febrero 22' -fill white -annotate 0x0+60+120 'sábado, febrero 22' /home/jezs/.config/variety/wallpaper/wallpaper-clock-bb0282c8c8f01d878bbc84ed67c9a67f.jpg'
INFO: 2025-02-22 07:45:30,180: reload() 'Reloading preferences dialog'
INFO: 2025-02-22 07:45:30,206: update_indicator() 'Setting file info to: /home/jezs/Descargas/Wallpapers-main/137349.jpg'
INFO: 2025-02-22 07:45:30,206: list_files() 'More than 1 files in the folders, stop listing'
INFO: 2025-02-22 07:45:30,998: trigger_download() 'Triggering download thread to check if download needed and possible'
INFO: 2025-02-22 07:45:48,969: server_options_thread() 'Fetching server options from http://tiny.cc/variety-options-063'
ERROR: 2025-02-22 07:45:49,445: server_options_thread() 'Could not fetch Variety serverside options'
Traceback (most recent call last):
  File "/usr/lib/python3.13/site-packages/requests/models.py", line 974, in json
    return complexjson.loads(self.text, **kwargs)
           ~~~~~~~~~~~~~~~~~^^^^^^^^^^^^^^^^^^^^^
  File "/usr/lib/python3.13/json/__init__.py", line 346, in loads
    return _default_decoder.decode(s)
           ~~~~~~~~~~~~~~~~~~~~~~~^^^
  File "/usr/lib/python3.13/json/decoder.py", line 345, in decode
    obj, end = self.raw_decode(s, idx=_w(s, 0).end())
               ~~~~~~~~~~~~~~~^^^^^^^^^^^^^^^^^^^^^^^
  File "/usr/lib/python3.13/json/decoder.py", line 363, in raw_decode
    raise JSONDecodeError("Expecting value", s, err.value) from None
json.decoder.JSONDecodeError: Expecting value: line 1 column 1 (char 0)

During handling of the above exception, another exception occurred:

Traceback (most recent call last):
  File "/usr/lib/python3.13/site-packages/variety/VarietyWindow.py", line 1084, in server_options_thread
    self.server_options = Util.fetch_json(VarietyWindow.SERVERSIDE_OPTIONS_URL)
                          ~~~~~~~~~~~~~~~^^^^^^^^^^^^^^^^^^^^^^^^^^^^^^^^^^^^^^
  File "/usr/lib/python3.13/site-packages/variety/Util.py", line 684, in fetch_json
    return Util.request(url, data, **request_kwargs).json()
           ~~~~~~~~~~~~~~~~~~~~~~~~~~~~~~~~~~~~~~~~~~~~~~^^
  File "/usr/lib/python3.13/site-packages/requests/models.py", line 978, in json
    raise RequestsJSONDecodeError(e.msg, e.doc, e.pos)
requests.exceptions.JSONDecodeError: Expecting value: line 1 column 1 (char 0)
INFO: 2025-02-22 07:46:00,978: clock_thread_method() 'clock_thread updates wallpaper'
INFO: 2025-02-22 07:46:00,979: do_set_wp() 'Calling do_set_wp with /home/jezs/Descargas/Wallpapers-main/137349.jpg, time: 1740228360.9794514'
INFO: 2025-02-22 07:46:00,981: compute_trimmed_offsets() 'Trimmed offsets debug info: w:1920, h:1080, ratio:1.777778, iw:1920, ih:1200, scw:1920, sch:1200, ho:0, vo:60'
INFO: 2025-02-22 07:46:00,981: build_imagemagick_clock_cmd() 'Applying clock filter: -density 100 -font `fc-match -f '%{file[0]}' 'Serif:70'` -pointsize 70 -gravity SouthEast -fill '#00000044' -annotate 0x0+58+168 '07:46' -fill white -annotate 0x0+60+170 '07:46' -font `fc-match -f '%{file[0]}' 'Serif:30'` -pointsize 30 -fill '#00000044' -annotate 0x0+58+118 'sábado, febrero 22' -fill white -annotate 0x0+60+120 'sábado, febrero 22''
INFO: 2025-02-22 07:46:00,981: build_imagemagick_clock_cmd() 'ImageMagick clock cmd: convert /home/jezs/Descargas/Wallpapers-main/137349.jpg -scale 1920x1080^ -density 100 -font `fc-match -f '%{file[0]}' 'Serif:70'` -pointsize 70 -gravity SouthEast -fill '#00000044' -annotate 0x0+58+168 '07:46' -fill white -annotate 0x0+60+170 '07:46' -font `fc-match -f '%{file[0]}' 'Serif:30'` -pointsize 30 -fill '#00000044' -annotate 0x0+58+118 'sábado, febrero 22' -fill white -annotate 0x0+60+120 'sábado, febrero 22' /home/jezs/.config/variety/wallpaper/wallpaper-clock-dd5cf3d2c766af5e115b449c4f270db2.jpg'
INFO: 2025-02-22 07:46:01,204: update_indicator() 'Setting file info to: /home/jezs/Descargas/Wallpapers-main/137349.jpg'
INFO: 2025-02-22 07:46:01,205: list_files() 'More than 1 files in the folders, stop listing'
INFO: 2025-02-22 07:46:19,449: server_options_thread() 'Fetching server options from http://tiny.cc/variety-options-063'
ERROR: 2025-02-22 07:46:19,915: server_options_thread() 'Could not fetch Variety serverside options'
Traceback (most recent call last):
  File "/usr/lib/python3.13/site-packages/requests/models.py", line 974, in json
    return complexjson.loads(self.text, **kwargs)
           ~~~~~~~~~~~~~~~~~^^^^^^^^^^^^^^^^^^^^^
  File "/usr/lib/python3.13/json/__init__.py", line 346, in loads
    return _default_decoder.decode(s)
           ~~~~~~~~~~~~~~~~~~~~~~~^^^
  File "/usr/lib/python3.13/json/decoder.py", line 345, in decode
    obj, end = self.raw_decode(s, idx=_w(s, 0).end())
               ~~~~~~~~~~~~~~~^^^^^^^^^^^^^^^^^^^^^^^
  File "/usr/lib/python3.13/json/decoder.py", line 363, in raw_decode
    raise JSONDecodeError("Expecting value", s, err.value) from None
json.decoder.JSONDecodeError: Expecting value: line 1 column 1 (char 0)

During handling of the above exception, another exception occurred:

Traceback (most recent call last):
  File "/usr/lib/python3.13/site-packages/variety/VarietyWindow.py", line 1084, in server_options_thread
    self.server_options = Util.fetch_json(VarietyWindow.SERVERSIDE_OPTIONS_URL)
                          ~~~~~~~~~~~~~~~^^^^^^^^^^^^^^^^^^^^^^^^^^^^^^^^^^^^^^
  File "/usr/lib/python3.13/site-packages/variety/Util.py", line 684, in fetch_json
    return Util.request(url, data, **request_kwargs).json()
           ~~~~~~~~~~~~~~~~~~~~~~~~~~~~~~~~~~~~~~~~~~~~~~^^
  File "/usr/lib/python3.13/site-packages/requests/models.py", line 978, in json
    raise RequestsJSONDecodeError(e.msg, e.doc, e.pos)
requests.exceptions.JSONDecodeError: Expecting value: line 1 column 1 (char 0)
INFO: 2025-02-22 07:46:49,916: server_options_thread() 'Fetching server options from http://tiny.cc/variety-options-063'
ERROR: 2025-02-22 07:46:50,383: server_options_thread() 'Could not fetch Variety serverside options'
Traceback (most recent call last):
  File "/usr/lib/python3.13/site-packages/requests/models.py", line 974, in json
    return complexjson.loads(self.text, **kwargs)
           ~~~~~~~~~~~~~~~~~^^^^^^^^^^^^^^^^^^^^^
  File "/usr/lib/python3.13/json/__init__.py", line 346, in loads
    return _default_decoder.decode(s)
           ~~~~~~~~~~~~~~~~~~~~~~~^^^
  File "/usr/lib/python3.13/json/decoder.py", line 345, in decode
    obj, end = self.raw_decode(s, idx=_w(s, 0).end())
               ~~~~~~~~~~~~~~~^^^^^^^^^^^^^^^^^^^^^^^
  File "/usr/lib/python3.13/json/decoder.py", line 363, in raw_decode
    raise JSONDecodeError("Expecting value", s, err.value) from None
json.decoder.JSONDecodeError: Expecting value: line 1 column 1 (char 0)

During handling of the above exception, another exception occurred:

Traceback (most recent call last):
  File "/usr/lib/python3.13/site-packages/variety/VarietyWindow.py", line 1084, in server_options_thread
    self.server_options = Util.fetch_json(VarietyWindow.SERVERSIDE_OPTIONS_URL)
                          ~~~~~~~~~~~~~~~^^^^^^^^^^^^^^^^^^^^^^^^^^^^^^^^^^^^^^
  File "/usr/lib/python3.13/site-packages/variety/Util.py", line 684, in fetch_json
    return Util.request(url, data, **request_kwargs).json()
           ~~~~~~~~~~~~~~~~~~~~~~~~~~~~~~~~~~~~~~~~~~~~~~^^
  File "/usr/lib/python3.13/site-packages/requests/models.py", line 978, in json
    raise RequestsJSONDecodeError(e.msg, e.doc, e.pos)
requests.exceptions.JSONDecodeError: Expecting value: line 1 column 1 (char 0)
INFO: 2025-02-22 07:47:00,989: clock_thread_method() 'clock_thread updates wallpaper'
INFO: 2025-02-22 07:47:00,990: do_set_wp() 'Calling do_set_wp with /home/jezs/Descargas/Wallpapers-main/137349.jpg, time: 1740228420.9901853'
INFO: 2025-02-22 07:47:00,991: compute_trimmed_offsets() 'Trimmed offsets debug info: w:1920, h:1080, ratio:1.777778, iw:1920, ih:1200, scw:1920, sch:1200, ho:0, vo:60'
INFO: 2025-02-22 07:47:00,992: build_imagemagick_clock_cmd() 'Applying clock filter: -density 100 -font `fc-match -f '%{file[0]}' 'Serif:70'` -pointsize 70 -gravity SouthEast -fill '#00000044' -annotate 0x0+58+168 '07:47' -fill white -annotate 0x0+60+170 '07:47' -font `fc-match -f '%{file[0]}' 'Serif:30'` -pointsize 30 -fill '#00000044' -annotate 0x0+58+118 'sábado, febrero 22' -fill white -annotate 0x0+60+120 'sábado, febrero 22''
INFO: 2025-02-22 07:47:00,992: build_imagemagick_clock_cmd() 'ImageMagick clock cmd: convert /home/jezs/Descargas/Wallpapers-main/137349.jpg -scale 1920x1080^ -density 100 -font `fc-match -f '%{file[0]}' 'Serif:70'` -pointsize 70 -gravity SouthEast -fill '#00000044' -annotate 0x0+58+168 '07:47' -fill white -annotate 0x0+60+170 '07:47' -font `fc-match -f '%{file[0]}' 'Serif:30'` -pointsize 30 -fill '#00000044' -annotate 0x0+58+118 'sábado, febrero 22' -fill white -annotate 0x0+60+120 'sábado, febrero 22' /home/jezs/.config/variety/wallpaper/wallpaper-clock-73d8620a55143d0d1eb93416ebb734ef.jpg'
INFO: 2025-02-22 07:47:01,135: update_indicator() 'Setting file info to: /home/jezs/Descargas/Wallpapers-main/137349.jpg'
INFO: 2025-02-22 07:47:01,135: list_files() 'More than 1 files in the folders, stop listing'
INFO: 2025-02-22 07:47:20,384: server_options_thread() 'Fetching server options from http://tiny.cc/variety-options-063'
ERROR: 2025-02-22 07:47:20,855: server_options_thread() 'Could not fetch Variety serverside options'
Traceback (most recent call last):
  File "/usr/lib/python3.13/site-packages/requests/models.py", line 974, in json
    return complexjson.loads(self.text, **kwargs)
           ~~~~~~~~~~~~~~~~~^^^^^^^^^^^^^^^^^^^^^
  File "/usr/lib/python3.13/json/__init__.py", line 346, in loads
    return _default_decoder.decode(s)
           ~~~~~~~~~~~~~~~~~~~~~~~^^^
  File "/usr/lib/python3.13/json/decoder.py", line 345, in decode
    obj, end = self.raw_decode(s, idx=_w(s, 0).end())
               ~~~~~~~~~~~~~~~^^^^^^^^^^^^^^^^^^^^^^^
  File "/usr/lib/python3.13/json/decoder.py", line 363, in raw_decode
    raise JSONDecodeError("Expecting value", s, err.value) from None
json.decoder.JSONDecodeError: Expecting value: line 1 column 1 (char 0)

During handling of the above exception, another exception occurred:

Traceback (most recent call last):
  File "/usr/lib/python3.13/site-packages/variety/VarietyWindow.py", line 1084, in server_options_thread
    self.server_options = Util.fetch_json(VarietyWindow.SERVERSIDE_OPTIONS_URL)
                          ~~~~~~~~~~~~~~~^^^^^^^^^^^^^^^^^^^^^^^^^^^^^^^^^^^^^^
  File "/usr/lib/python3.13/site-packages/variety/Util.py", line 684, in fetch_json
    return Util.request(url, data, **request_kwargs).json()
           ~~~~~~~~~~~~~~~~~~~~~~~~~~~~~~~~~~~~~~~~~~~~~~^^
  File "/usr/lib/python3.13/site-packages/requests/models.py", line 978, in json
    raise RequestsJSONDecodeError(e.msg, e.doc, e.pos)
requests.exceptions.JSONDecodeError: Expecting value: line 1 column 1 (char 0)
INFO: 2025-02-22 07:47:50,856: server_options_thread() 'Fetching server options from http://tiny.cc/variety-options-063'
ERROR: 2025-02-22 07:47:51,321: server_options_thread() 'Could not fetch Variety serverside options'
Traceback (most recent call last):
  File "/usr/lib/python3.13/site-packages/requests/models.py", line 974, in json
    return complexjson.loads(self.text, **kwargs)
           ~~~~~~~~~~~~~~~~~^^^^^^^^^^^^^^^^^^^^^
  File "/usr/lib/python3.13/json/__init__.py", line 346, in loads
    return _default_decoder.decode(s)
           ~~~~~~~~~~~~~~~~~~~~~~~^^^
  File "/usr/lib/python3.13/json/decoder.py", line 345, in decode
    obj, end = self.raw_decode(s, idx=_w(s, 0).end())
               ~~~~~~~~~~~~~~~^^^^^^^^^^^^^^^^^^^^^^^
  File "/usr/lib/python3.13/json/decoder.py", line 363, in raw_decode
    raise JSONDecodeError("Expecting value", s, err.value) from None
json.decoder.JSONDecodeError: Expecting value: line 1 column 1 (char 0)

During handling of the above exception, another exception occurred:

Traceback (most recent call last):
  File "/usr/lib/python3.13/site-packages/variety/VarietyWindow.py", line 1084, in server_options_thread
    self.server_options = Util.fetch_json(VarietyWindow.SERVERSIDE_OPTIONS_URL)
                          ~~~~~~~~~~~~~~~^^^^^^^^^^^^^^^^^^^^^^^^^^^^^^^^^^^^^^
  File "/usr/lib/python3.13/site-packages/variety/Util.py", line 684, in fetch_json
    return Util.request(url, data, **request_kwargs).json()
           ~~~~~~~~~~~~~~~~~~~~~~~~~~~~~~~~~~~~~~~~~~~~~~^^
  File "/usr/lib/python3.13/site-packages/requests/models.py", line 978, in json
    raise RequestsJSONDecodeError(e.msg, e.doc, e.pos)
requests.exceptions.JSONDecodeError: Expecting value: line 1 column 1 (char 0)
INFO: 2025-02-22 07:48:01,000: clock_thread_method() 'clock_thread updates wallpaper'
INFO: 2025-02-22 07:48:01,000: do_set_wp() 'Calling do_set_wp with /home/jezs/Descargas/Wallpapers-main/137349.jpg, time: 1740228481.0008779'
INFO: 2025-02-22 07:48:01,001: compute_trimmed_offsets() 'Trimmed offsets debug info: w:1920, h:1080, ratio:1.777778, iw:1920, ih:1200, scw:1920, sch:1200, ho:0, vo:60'
INFO: 2025-02-22 07:48:01,001: build_imagemagick_clock_cmd() 'Applying clock filter: -density 100 -font `fc-match -f '%{file[0]}' 'Serif:70'` -pointsize 70 -gravity SouthEast -fill '#00000044' -annotate 0x0+58+168 '07:48' -fill white -annotate 0x0+60+170 '07:48' -font `fc-match -f '%{file[0]}' 'Serif:30'` -pointsize 30 -fill '#00000044' -annotate 0x0+58+118 'sábado, febrero 22' -fill white -annotate 0x0+60+120 'sábado, febrero 22''
INFO: 2025-02-22 07:48:01,001: build_imagemagick_clock_cmd() 'ImageMagick clock cmd: convert /home/jezs/Descargas/Wallpapers-main/137349.jpg -scale 1920x1080^ -density 100 -font `fc-match -f '%{file[0]}' 'Serif:70'` -pointsize 70 -gravity SouthEast -fill '#00000044' -annotate 0x0+58+168 '07:48' -fill white -annotate 0x0+60+170 '07:48' -font `fc-match -f '%{file[0]}' 'Serif:30'` -pointsize 30 -fill '#00000044' -annotate 0x0+58+118 'sábado, febrero 22' -fill white -annotate 0x0+60+120 'sábado, febrero 22' /home/jezs/.config/variety/wallpaper/wallpaper-clock-0b5e6bab69e71d21788bd39cc967da2f.jpg'
INFO: 2025-02-22 07:48:01,138: update_indicator() 'Setting file info to: /home/jezs/Descargas/Wallpapers-main/137349.jpg'
INFO: 2025-02-22 07:48:01,139: list_files() 'More than 1 files in the folders, stop listing'
INFO: 2025-02-22 07:49:00,011: clock_thread_method() 'clock_thread updates wallpaper'
INFO: 2025-02-22 07:49:00,012: do_set_wp() 'Calling do_set_wp with /home/jezs/Descargas/Wallpapers-main/137349.jpg, time: 1740228540.011988'
INFO: 2025-02-22 07:49:00,013: compute_trimmed_offsets() 'Trimmed offsets debug info: w:1920, h:1080, ratio:1.777778, iw:1920, ih:1200, scw:1920, sch:1200, ho:0, vo:60'
INFO: 2025-02-22 07:49:00,014: build_imagemagick_clock_cmd() 'Applying clock filter: -density 100 -font `fc-match -f '%{file[0]}' 'Serif:70'` -pointsize 70 -gravity SouthEast -fill '#00000044' -annotate 0x0+58+168 '07:49' -fill white -annotate 0x0+60+170 '07:49' -font `fc-match -f '%{file[0]}' 'Serif:30'` -pointsize 30 -fill '#00000044' -annotate 0x0+58+118 'sábado, febrero 22' -fill white -annotate 0x0+60+120 'sábado, febrero 22''
INFO: 2025-02-22 07:49:00,014: build_imagemagick_clock_cmd() 'ImageMagick clock cmd: convert /home/jezs/Descargas/Wallpapers-main/137349.jpg -scale 1920x1080^ -density 100 -font `fc-match -f '%{file[0]}' 'Serif:70'` -pointsize 70 -gravity SouthEast -fill '#00000044' -annotate 0x0+58+168 '07:49' -fill white -annotate 0x0+60+170 '07:49' -font `fc-match -f '%{file[0]}' 'Serif:30'` -pointsize 30 -fill '#00000044' -annotate 0x0+58+118 'sábado, febrero 22' -fill white -annotate 0x0+60+120 'sábado, febrero 22' /home/jezs/.config/variety/wallpaper/wallpaper-clock-0448692cfc7a5c07ef9424e00d0f379a.jpg'
INFO: 2025-02-22 07:49:00,200: update_indicator() 'Setting file info to: /home/jezs/Descargas/Wallpapers-main/137349.jpg'
INFO: 2025-02-22 07:49:00,200: list_files() 'More than 1 files in the folders, stop listing'
INFO: 2025-02-22 07:50:00,021: clock_thread_method() 'clock_thread updates wallpaper'
INFO: 2025-02-22 07:50:00,022: do_set_wp() 'Calling do_set_wp with /home/jezs/Descargas/Wallpapers-main/137349.jpg, time: 1740228600.0224774'
INFO: 2025-02-22 07:50:00,024: compute_trimmed_offsets() 'Trimmed offsets debug info: w:1920, h:1080, ratio:1.777778, iw:1920, ih:1200, scw:1920, sch:1200, ho:0, vo:60'
INFO: 2025-02-22 07:50:00,024: build_imagemagick_clock_cmd() 'Applying clock filter: -density 100 -font `fc-match -f '%{file[0]}' 'Serif:70'` -pointsize 70 -gravity SouthEast -fill '#00000044' -annotate 0x0+58+168 '07:50' -fill white -annotate 0x0+60+170 '07:50' -font `fc-match -f '%{file[0]}' 'Serif:30'` -pointsize 30 -fill '#00000044' -annotate 0x0+58+118 'sábado, febrero 22' -fill white -annotate 0x0+60+120 'sábado, febrero 22''
INFO: 2025-02-22 07:50:00,024: build_imagemagick_clock_cmd() 'ImageMagick clock cmd: convert /home/jezs/Descargas/Wallpapers-main/137349.jpg -scale 1920x1080^ -density 100 -font `fc-match -f '%{file[0]}' 'Serif:70'` -pointsize 70 -gravity SouthEast -fill '#00000044' -annotate 0x0+58+168 '07:50' -fill white -annotate 0x0+60+170 '07:50' -font `fc-match -f '%{file[0]}' 'Serif:30'` -pointsize 30 -fill '#00000044' -annotate 0x0+58+118 'sábado, febrero 22' -fill white -annotate 0x0+60+120 'sábado, febrero 22' /home/jezs/.config/variety/wallpaper/wallpaper-clock-9f36c2cbffa3bf48ed489e8580519815.jpg'
INFO: 2025-02-22 07:50:00,166: update_indicator() 'Setting file info to: /home/jezs/Descargas/Wallpapers-main/137349.jpg'
INFO: 2025-02-22 07:50:00,167: list_files() 'More than 1 files in the folders, stop listing'
INFO: 2025-02-22 07:50:28,968: regular_change_thread() 'regular_change changes wallpaper'
INFO: 2025-02-22 07:50:28,968: set_wallpaper() 'Calling set_wallpaper with /home/jezs/Descargas/Wallpapers-main/4k-minimalist-wallpaper-6.png'
INFO: 2025-02-22 07:50:28,969: do_set_wp() 'Calling do_set_wp with /home/jezs/Descargas/Wallpapers-main/4k-minimalist-wallpaper-6.png, time: 1740228628.9692676'
INFO: 2025-02-22 07:50:28,969: prepare_thread() 'Prepared buffer contains 79 images'
INFO: 2025-02-22 07:50:29,004: compute_trimmed_offsets() 'Trimmed offsets debug info: w:1920, h:1080, ratio:1.777778, iw:3840, ih:2160, scw:1920, sch:1080, ho:0, vo:0'
INFO: 2025-02-22 07:50:29,004: build_imagemagick_clock_cmd() 'Applying clock filter: -density 100 -font `fc-match -f '%{file[0]}' 'Serif:70'` -pointsize 70 -gravity SouthEast -fill '#00000044' -annotate 0x0+58+108 '07:50' -fill white -annotate 0x0+60+110 '07:50' -font `fc-match -f '%{file[0]}' 'Serif:30'` -pointsize 30 -fill '#00000044' -annotate 0x0+58+58 'sábado, febrero 22' -fill white -annotate 0x0+60+60 'sábado, febrero 22''
INFO: 2025-02-22 07:50:29,004: build_imagemagick_clock_cmd() 'ImageMagick clock cmd: convert /home/jezs/Descargas/Wallpapers-main/4k-minimalist-wallpaper-6.png -scale 1920x1080^ -density 100 -font `fc-match -f '%{file[0]}' 'Serif:70'` -pointsize 70 -gravity SouthEast -fill '#00000044' -annotate 0x0+58+108 '07:50' -fill white -annotate 0x0+60+110 '07:50' -font `fc-match -f '%{file[0]}' 'Serif:30'` -pointsize 30 -fill '#00000044' -annotate 0x0+58+58 'sábado, febrero 22' -fill white -annotate 0x0+60+60 'sábado, febrero 22' /home/jezs/.config/variety/wallpaper/wallpaper-clock-20a508b04c1721e0508c7a0ece93ecfc.jpg'
INFO: 2025-02-22 07:50:29,377: update_indicator() 'Setting file info to: /home/jezs/Descargas/Wallpapers-main/4k-minimalist-wallpaper-6.png'
INFO: 2025-02-22 07:50:29,378: list_files() 'More than 1 files in the folders, stop listing'
INFO: 2025-02-22 07:50:30,970: trigger_download() 'Triggering download thread to check if download needed and possible'
INFO: 2025-02-22 07:51:00,033: clock_thread_method() 'clock_thread updates wallpaper'
INFO: 2025-02-22 07:51:00,034: do_set_wp() 'Calling do_set_wp with /home/jezs/Descargas/Wallpapers-main/4k-minimalist-wallpaper-6.png, time: 1740228660.0342536'
INFO: 2025-02-22 07:51:00,045: compute_trimmed_offsets() 'Trimmed offsets debug info: w:1920, h:1080, ratio:1.777778, iw:3840, ih:2160, scw:1920, sch:1080, ho:0, vo:0'
INFO: 2025-02-22 07:51:00,045: build_imagemagick_clock_cmd() 'Applying clock filter: -density 100 -font `fc-match -f '%{file[0]}' 'Serif:70'` -pointsize 70 -gravity SouthEast -fill '#00000044' -annotate 0x0+58+108 '07:51' -fill white -annotate 0x0+60+110 '07:51' -font `fc-match -f '%{file[0]}' 'Serif:30'` -pointsize 30 -fill '#00000044' -annotate 0x0+58+58 'sábado, febrero 22' -fill white -annotate 0x0+60+60 'sábado, febrero 22''
INFO: 2025-02-22 07:51:00,045: build_imagemagick_clock_cmd() 'ImageMagick clock cmd: convert /home/jezs/Descargas/Wallpapers-main/4k-minimalist-wallpaper-6.png -scale 1920x1080^ -density 100 -font `fc-match -f '%{file[0]}' 'Serif:70'` -pointsize 70 -gravity SouthEast -fill '#00000044' -annotate 0x0+58+108 '07:51' -fill white -annotate 0x0+60+110 '07:51' -font `fc-match -f '%{file[0]}' 'Serif:30'` -pointsize 30 -fill '#00000044' -annotate 0x0+58+58 'sábado, febrero 22' -fill white -annotate 0x0+60+60 'sábado, febrero 22' /home/jezs/.config/variety/wallpaper/wallpaper-clock-4728450c7a30cd8c3a1d7f4c6ce2bdd4.jpg'
INFO: 2025-02-22 07:51:00,409: update_indicator() 'Setting file info to: /home/jezs/Descargas/Wallpapers-main/4k-minimalist-wallpaper-6.png'
INFO: 2025-02-22 07:51:00,409: list_files() 'More than 1 files in the folders, stop listing'
INFO: 2025-02-22 07:52:00,045: clock_thread_method() 'clock_thread updates wallpaper'
INFO: 2025-02-22 07:52:00,046: do_set_wp() 'Calling do_set_wp with /home/jezs/Descargas/Wallpapers-main/4k-minimalist-wallpaper-6.png, time: 1740228720.046129'
INFO: 2025-02-22 07:52:00,056: compute_trimmed_offsets() 'Trimmed offsets debug info: w:1920, h:1080, ratio:1.777778, iw:3840, ih:2160, scw:1920, sch:1080, ho:0, vo:0'
INFO: 2025-02-22 07:52:00,057: build_imagemagick_clock_cmd() 'Applying clock filter: -density 100 -font `fc-match -f '%{file[0]}' 'Serif:70'` -pointsize 70 -gravity SouthEast -fill '#00000044' -annotate 0x0+58+108 '07:52' -fill white -annotate 0x0+60+110 '07:52' -font `fc-match -f '%{file[0]}' 'Serif:30'` -pointsize 30 -fill '#00000044' -annotate 0x0+58+58 'sábado, febrero 22' -fill white -annotate 0x0+60+60 'sábado, febrero 22''
INFO: 2025-02-22 07:52:00,057: build_imagemagick_clock_cmd() 'ImageMagick clock cmd: convert /home/jezs/Descargas/Wallpapers-main/4k-minimalist-wallpaper-6.png -scale 1920x1080^ -density 100 -font `fc-match -f '%{file[0]}' 'Serif:70'` -pointsize 70 -gravity SouthEast -fill '#00000044' -annotate 0x0+58+108 '07:52' -fill white -annotate 0x0+60+110 '07:52' -font `fc-match -f '%{file[0]}' 'Serif:30'` -pointsize 30 -fill '#00000044' -annotate 0x0+58+58 'sábado, febrero 22' -fill white -annotate 0x0+60+60 'sábado, febrero 22' /home/jezs/.config/variety/wallpaper/wallpaper-clock-0fb8cdab7550df14b76b75d118c769ca.jpg'
INFO: 2025-02-22 07:52:00,430: update_indicator() 'Setting file info to: /home/jezs/Descargas/Wallpapers-main/4k-minimalist-wallpaper-6.png'
INFO: 2025-02-22 07:52:00,431: list_files() 'More than 1 files in the folders, stop listing'
INFO: 2025-02-22 07:53:00,056: clock_thread_method() 'clock_thread updates wallpaper'
INFO: 2025-02-22 07:53:00,057: do_set_wp() 'Calling do_set_wp with /home/jezs/Descargas/Wallpapers-main/4k-minimalist-wallpaper-6.png, time: 1740228780.0574064'
INFO: 2025-02-22 07:53:00,091: compute_trimmed_offsets() 'Trimmed offsets debug info: w:1920, h:1080, ratio:1.777778, iw:3840, ih:2160, scw:1920, sch:1080, ho:0, vo:0'
INFO: 2025-02-22 07:53:00,091: build_imagemagick_clock_cmd() 'Applying clock filter: -density 100 -font `fc-match -f '%{file[0]}' 'Serif:70'` -pointsize 70 -gravity SouthEast -fill '#00000044' -annotate 0x0+58+108 '07:53' -fill white -annotate 0x0+60+110 '07:53' -font `fc-match -f '%{file[0]}' 'Serif:30'` -pointsize 30 -fill '#00000044' -annotate 0x0+58+58 'sábado, febrero 22' -fill white -annotate 0x0+60+60 'sábado, febrero 22''
INFO: 2025-02-22 07:53:00,092: build_imagemagick_clock_cmd() 'ImageMagick clock cmd: convert /home/jezs/Descargas/Wallpapers-main/4k-minimalist-wallpaper-6.png -scale 1920x1080^ -density 100 -font `fc-match -f '%{file[0]}' 'Serif:70'` -pointsize 70 -gravity SouthEast -fill '#00000044' -annotate 0x0+58+108 '07:53' -fill white -annotate 0x0+60+110 '07:53' -font `fc-match -f '%{file[0]}' 'Serif:30'` -pointsize 30 -fill '#00000044' -annotate 0x0+58+58 'sábado, febrero 22' -fill white -annotate 0x0+60+60 'sábado, febrero 22' /home/jezs/.config/variety/wallpaper/wallpaper-clock-bb82014705c7578e5b44d08ada402ce8.jpg'
INFO: 2025-02-22 07:53:00,466: update_indicator() 'Setting file info to: /home/jezs/Descargas/Wallpapers-main/4k-minimalist-wallpaper-6.png'
INFO: 2025-02-22 07:53:00,467: list_files() 'More than 1 files in the folders, stop listing'
INFO: 2025-02-22 07:54:00,067: clock_thread_method() 'clock_thread updates wallpaper'
INFO: 2025-02-22 07:54:00,068: do_set_wp() 'Calling do_set_wp with /home/jezs/Descargas/Wallpapers-main/4k-minimalist-wallpaper-6.png, time: 1740228840.0686939'
INFO: 2025-02-22 07:54:00,080: compute_trimmed_offsets() 'Trimmed offsets debug info: w:1920, h:1080, ratio:1.777778, iw:3840, ih:2160, scw:1920, sch:1080, ho:0, vo:0'
INFO: 2025-02-22 07:54:00,080: build_imagemagick_clock_cmd() 'Applying clock filter: -density 100 -font `fc-match -f '%{file[0]}' 'Serif:70'` -pointsize 70 -gravity SouthEast -fill '#00000044' -annotate 0x0+58+108 '07:54' -fill white -annotate 0x0+60+110 '07:54' -font `fc-match -f '%{file[0]}' 'Serif:30'` -pointsize 30 -fill '#00000044' -annotate 0x0+58+58 'sábado, febrero 22' -fill white -annotate 0x0+60+60 'sábado, febrero 22''
INFO: 2025-02-22 07:54:00,080: build_imagemagick_clock_cmd() 'ImageMagick clock cmd: convert /home/jezs/Descargas/Wallpapers-main/4k-minimalist-wallpaper-6.png -scale 1920x1080^ -density 100 -font `fc-match -f '%{file[0]}' 'Serif:70'` -pointsize 70 -gravity SouthEast -fill '#00000044' -annotate 0x0+58+108 '07:54' -fill white -annotate 0x0+60+110 '07:54' -font `fc-match -f '%{file[0]}' 'Serif:30'` -pointsize 30 -fill '#00000044' -annotate 0x0+58+58 'sábado, febrero 22' -fill white -annotate 0x0+60+60 'sábado, febrero 22' /home/jezs/.config/variety/wallpaper/wallpaper-clock-f77df8d04096d6d3d5b82ce1e9a7af8c.jpg'
INFO: 2025-02-22 07:54:00,445: update_indicator() 'Setting file info to: /home/jezs/Descargas/Wallpapers-main/4k-minimalist-wallpaper-6.png'
INFO: 2025-02-22 07:54:00,445: list_files() 'More than 1 files in the folders, stop listing'
INFO: 2025-02-22 07:55:00,080: clock_thread_method() 'clock_thread updates wallpaper'
INFO: 2025-02-22 07:55:00,081: do_set_wp() 'Calling do_set_wp with /home/jezs/Descargas/Wallpapers-main/4k-minimalist-wallpaper-6.png, time: 1740228900.0811453'
INFO: 2025-02-22 07:55:00,092: compute_trimmed_offsets() 'Trimmed offsets debug info: w:1920, h:1080, ratio:1.777778, iw:3840, ih:2160, scw:1920, sch:1080, ho:0, vo:0'
INFO: 2025-02-22 07:55:00,092: build_imagemagick_clock_cmd() 'Applying clock filter: -density 100 -font `fc-match -f '%{file[0]}' 'Serif:70'` -pointsize 70 -gravity SouthEast -fill '#00000044' -annotate 0x0+58+108 '07:55' -fill white -annotate 0x0+60+110 '07:55' -font `fc-match -f '%{file[0]}' 'Serif:30'` -pointsize 30 -fill '#00000044' -annotate 0x0+58+58 'sábado, febrero 22' -fill white -annotate 0x0+60+60 'sábado, febrero 22''
INFO: 2025-02-22 07:55:00,092: build_imagemagick_clock_cmd() 'ImageMagick clock cmd: convert /home/jezs/Descargas/Wallpapers-main/4k-minimalist-wallpaper-6.png -scale 1920x1080^ -density 100 -font `fc-match -f '%{file[0]}' 'Serif:70'` -pointsize 70 -gravity SouthEast -fill '#00000044' -annotate 0x0+58+108 '07:55' -fill white -annotate 0x0+60+110 '07:55' -font `fc-match -f '%{file[0]}' 'Serif:30'` -pointsize 30 -fill '#00000044' -annotate 0x0+58+58 'sábado, febrero 22' -fill white -annotate 0x0+60+60 'sábado, febrero 22' /home/jezs/.config/variety/wallpaper/wallpaper-clock-588ec0ebf836b82f515ae7080455a2a4.jpg'
INFO: 2025-02-22 07:55:00,459: update_indicator() 'Setting file info to: /home/jezs/Descargas/Wallpapers-main/4k-minimalist-wallpaper-6.png'
INFO: 2025-02-22 07:55:00,460: list_files() 'More than 1 files in the folders, stop listing'
INFO: 2025-02-22 07:55:29,441: regular_change_thread() 'regular_change changes wallpaper'
INFO: 2025-02-22 07:55:29,442: set_wallpaper() 'Calling set_wallpaper with /home/jezs/Descargas/Wallpapers-main/4k-minimalist-wallpaper-14.jpg'
INFO: 2025-02-22 07:55:29,442: do_set_wp() 'Calling do_set_wp with /home/jezs/Descargas/Wallpapers-main/4k-minimalist-wallpaper-14.jpg, time: 1740228929.442698'
INFO: 2025-02-22 07:55:29,443: prepare_thread() 'Prepared buffer contains 78 images'
INFO: 2025-02-22 07:55:29,445: compute_trimmed_offsets() 'Trimmed offsets debug info: w:1920, h:1080, ratio:1.777778, iw:2560, ih:1440, scw:1920, sch:1080, ho:0, vo:0'
INFO: 2025-02-22 07:55:29,445: build_imagemagick_clock_cmd() 'Applying clock filter: -density 100 -font `fc-match -f '%{file[0]}' 'Serif:70'` -pointsize 70 -gravity SouthEast -fill '#00000044' -annotate 0x0+58+108 '07:55' -fill white -annotate 0x0+60+110 '07:55' -font `fc-match -f '%{file[0]}' 'Serif:30'` -pointsize 30 -fill '#00000044' -annotate 0x0+58+58 'sábado, febrero 22' -fill white -annotate 0x0+60+60 'sábado, febrero 22''
INFO: 2025-02-22 07:55:29,446: build_imagemagick_clock_cmd() 'ImageMagick clock cmd: convert /home/jezs/Descargas/Wallpapers-main/4k-minimalist-wallpaper-14.jpg -scale 1920x1080^ -density 100 -font `fc-match -f '%{file[0]}' 'Serif:70'` -pointsize 70 -gravity SouthEast -fill '#00000044' -annotate 0x0+58+108 '07:55' -fill white -annotate 0x0+60+110 '07:55' -font `fc-match -f '%{file[0]}' 'Serif:30'` -pointsize 30 -fill '#00000044' -annotate 0x0+58+58 'sábado, febrero 22' -fill white -annotate 0x0+60+60 'sábado, febrero 22' /home/jezs/.config/variety/wallpaper/wallpaper-clock-2833e088bcd2ea8f5aaabc0f05b15e67.jpg'
INFO: 2025-02-22 07:55:29,691: update_indicator() 'Setting file info to: /home/jezs/Descargas/Wallpapers-main/4k-minimalist-wallpaper-14.jpg'
INFO: 2025-02-22 07:55:29,692: list_files() 'More than 1 files in the folders, stop listing'
INFO: 2025-02-22 07:55:31,443: trigger_download() 'Triggering download thread to check if download needed and possible'
INFO: 2025-02-22 07:56:00,091: clock_thread_method() 'clock_thread updates wallpaper'
INFO: 2025-02-22 07:56:00,091: do_set_wp() 'Calling do_set_wp with /home/jezs/Descargas/Wallpapers-main/4k-minimalist-wallpaper-14.jpg, time: 1740228960.0912378'
INFO: 2025-02-22 07:56:00,091: compute_trimmed_offsets() 'Trimmed offsets debug info: w:1920, h:1080, ratio:1.777778, iw:2560, ih:1440, scw:1920, sch:1080, ho:0, vo:0'
INFO: 2025-02-22 07:56:00,091: build_imagemagick_clock_cmd() 'Applying clock filter: -density 100 -font `fc-match -f '%{file[0]}' 'Serif:70'` -pointsize 70 -gravity SouthEast -fill '#00000044' -annotate 0x0+58+108 '07:56' -fill white -annotate 0x0+60+110 '07:56' -font `fc-match -f '%{file[0]}' 'Serif:30'` -pointsize 30 -fill '#00000044' -annotate 0x0+58+58 'sábado, febrero 22' -fill white -annotate 0x0+60+60 'sábado, febrero 22''
INFO: 2025-02-22 07:56:00,091: build_imagemagick_clock_cmd() 'ImageMagick clock cmd: convert /home/jezs/Descargas/Wallpapers-main/4k-minimalist-wallpaper-14.jpg -scale 1920x1080^ -density 100 -font `fc-match -f '%{file[0]}' 'Serif:70'` -pointsize 70 -gravity SouthEast -fill '#00000044' -annotate 0x0+58+108 '07:56' -fill white -annotate 0x0+60+110 '07:56' -font `fc-match -f '%{file[0]}' 'Serif:30'` -pointsize 30 -fill '#00000044' -annotate 0x0+58+58 'sábado, febrero 22' -fill white -annotate 0x0+60+60 'sábado, febrero 22' /home/jezs/.config/variety/wallpaper/wallpaper-clock-705bab65d93dd4ae53d732e99ede657a.jpg'
INFO: 2025-02-22 07:56:00,339: update_indicator() 'Setting file info to: /home/jezs/Descargas/Wallpapers-main/4k-minimalist-wallpaper-14.jpg'
INFO: 2025-02-22 07:56:00,340: list_files() 'More than 1 files in the folders, stop listing'
INFO: 2025-02-22 07:57:00,099: clock_thread_method() 'clock_thread updates wallpaper'
INFO: 2025-02-22 07:57:00,100: do_set_wp() 'Calling do_set_wp with /home/jezs/Descargas/Wallpapers-main/4k-minimalist-wallpaper-14.jpg, time: 1740229020.1004584'
INFO: 2025-02-22 07:57:00,102: compute_trimmed_offsets() 'Trimmed offsets debug info: w:1920, h:1080, ratio:1.777778, iw:2560, ih:1440, scw:1920, sch:1080, ho:0, vo:0'
INFO: 2025-02-22 07:57:00,102: build_imagemagick_clock_cmd() 'Applying clock filter: -density 100 -font `fc-match -f '%{file[0]}' 'Serif:70'` -pointsize 70 -gravity SouthEast -fill '#00000044' -annotate 0x0+58+108 '07:57' -fill white -annotate 0x0+60+110 '07:57' -font `fc-match -f '%{file[0]}' 'Serif:30'` -pointsize 30 -fill '#00000044' -annotate 0x0+58+58 'sábado, febrero 22' -fill white -annotate 0x0+60+60 'sábado, febrero 22''
INFO: 2025-02-22 07:57:00,102: build_imagemagick_clock_cmd() 'ImageMagick clock cmd: convert /home/jezs/Descargas/Wallpapers-main/4k-minimalist-wallpaper-14.jpg -scale 1920x1080^ -density 100 -font `fc-match -f '%{file[0]}' 'Serif:70'` -pointsize 70 -gravity SouthEast -fill '#00000044' -annotate 0x0+58+108 '07:57' -fill white -annotate 0x0+60+110 '07:57' -font `fc-match -f '%{file[0]}' 'Serif:30'` -pointsize 30 -fill '#00000044' -annotate 0x0+58+58 'sábado, febrero 22' -fill white -annotate 0x0+60+60 'sábado, febrero 22' /home/jezs/.config/variety/wallpaper/wallpaper-clock-037745518a98d9f7dc37725bbb5e0154.jpg'
INFO: 2025-02-22 07:57:00,351: update_indicator() 'Setting file info to: /home/jezs/Descargas/Wallpapers-main/4k-minimalist-wallpaper-14.jpg'
INFO: 2025-02-22 07:57:00,352: list_files() 'More than 1 files in the folders, stop listing'
INFO: 2025-02-22 07:58:00,112: clock_thread_method() 'clock_thread updates wallpaper'
INFO: 2025-02-22 07:58:00,112: do_set_wp() 'Calling do_set_wp with /home/jezs/Descargas/Wallpapers-main/4k-minimalist-wallpaper-14.jpg, time: 1740229080.1128705'
INFO: 2025-02-22 07:58:00,114: compute_trimmed_offsets() 'Trimmed offsets debug info: w:1920, h:1080, ratio:1.777778, iw:2560, ih:1440, scw:1920, sch:1080, ho:0, vo:0'
INFO: 2025-02-22 07:58:00,115: build_imagemagick_clock_cmd() 'Applying clock filter: -density 100 -font `fc-match -f '%{file[0]}' 'Serif:70'` -pointsize 70 -gravity SouthEast -fill '#00000044' -annotate 0x0+58+108 '07:58' -fill white -annotate 0x0+60+110 '07:58' -font `fc-match -f '%{file[0]}' 'Serif:30'` -pointsize 30 -fill '#00000044' -annotate 0x0+58+58 'sábado, febrero 22' -fill white -annotate 0x0+60+60 'sábado, febrero 22''
INFO: 2025-02-22 07:58:00,115: build_imagemagick_clock_cmd() 'ImageMagick clock cmd: convert /home/jezs/Descargas/Wallpapers-main/4k-minimalist-wallpaper-14.jpg -scale 1920x1080^ -density 100 -font `fc-match -f '%{file[0]}' 'Serif:70'` -pointsize 70 -gravity SouthEast -fill '#00000044' -annotate 0x0+58+108 '07:58' -fill white -annotate 0x0+60+110 '07:58' -font `fc-match -f '%{file[0]}' 'Serif:30'` -pointsize 30 -fill '#00000044' -annotate 0x0+58+58 'sábado, febrero 22' -fill white -annotate 0x0+60+60 'sábado, febrero 22' /home/jezs/.config/variety/wallpaper/wallpaper-clock-ebebec32968820587239a0fbbe7644c1.jpg'
INFO: 2025-02-22 07:58:00,361: update_indicator() 'Setting file info to: /home/jezs/Descargas/Wallpapers-main/4k-minimalist-wallpaper-14.jpg'
INFO: 2025-02-22 07:58:00,362: list_files() 'More than 1 files in the folders, stop listing'
INFO: 2025-02-22 07:59:00,124: clock_thread_method() 'clock_thread updates wallpaper'
INFO: 2025-02-22 07:59:00,124: do_set_wp() 'Calling do_set_wp with /home/jezs/Descargas/Wallpapers-main/4k-minimalist-wallpaper-14.jpg, time: 1740229140.124826'
INFO: 2025-02-22 07:59:00,126: compute_trimmed_offsets() 'Trimmed offsets debug info: w:1920, h:1080, ratio:1.777778, iw:2560, ih:1440, scw:1920, sch:1080, ho:0, vo:0'
INFO: 2025-02-22 07:59:00,127: build_imagemagick_clock_cmd() 'Applying clock filter: -density 100 -font `fc-match -f '%{file[0]}' 'Serif:70'` -pointsize 70 -gravity SouthEast -fill '#00000044' -annotate 0x0+58+108 '07:59' -fill white -annotate 0x0+60+110 '07:59' -font `fc-match -f '%{file[0]}' 'Serif:30'` -pointsize 30 -fill '#00000044' -annotate 0x0+58+58 'sábado, febrero 22' -fill white -annotate 0x0+60+60 'sábado, febrero 22''
INFO: 2025-02-22 07:59:00,127: build_imagemagick_clock_cmd() 'ImageMagick clock cmd: convert /home/jezs/Descargas/Wallpapers-main/4k-minimalist-wallpaper-14.jpg -scale 1920x1080^ -density 100 -font `fc-match -f '%{file[0]}' 'Serif:70'` -pointsize 70 -gravity SouthEast -fill '#00000044' -annotate 0x0+58+108 '07:59' -fill white -annotate 0x0+60+110 '07:59' -font `fc-match -f '%{file[0]}' 'Serif:30'` -pointsize 30 -fill '#00000044' -annotate 0x0+58+58 'sábado, febrero 22' -fill white -annotate 0x0+60+60 'sábado, febrero 22' /home/jezs/.config/variety/wallpaper/wallpaper-clock-313d7573c70aabca5e69e26fd02d135f.jpg'
INFO: 2025-02-22 07:59:00,372: update_indicator() 'Setting file info to: /home/jezs/Descargas/Wallpapers-main/4k-minimalist-wallpaper-14.jpg'
INFO: 2025-02-22 07:59:00,373: list_files() 'More than 1 files in the folders, stop listing'
INFO: 2025-02-22 08:00:00,136: clock_thread_method() 'clock_thread updates wallpaper'
INFO: 2025-02-22 08:00:00,137: do_set_wp() 'Calling do_set_wp with /home/jezs/Descargas/Wallpapers-main/4k-minimalist-wallpaper-14.jpg, time: 1740229200.1372666'
INFO: 2025-02-22 08:00:00,139: compute_trimmed_offsets() 'Trimmed offsets debug info: w:1920, h:1080, ratio:1.777778, iw:2560, ih:1440, scw:1920, sch:1080, ho:0, vo:0'
INFO: 2025-02-22 08:00:00,140: build_imagemagick_clock_cmd() 'Applying clock filter: -density 100 -font `fc-match -f '%{file[0]}' 'Serif:70'` -pointsize 70 -gravity SouthEast -fill '#00000044' -annotate 0x0+58+108 '08:00' -fill white -annotate 0x0+60+110 '08:00' -font `fc-match -f '%{file[0]}' 'Serif:30'` -pointsize 30 -fill '#00000044' -annotate 0x0+58+58 'sábado, febrero 22' -fill white -annotate 0x0+60+60 'sábado, febrero 22''
INFO: 2025-02-22 08:00:00,140: build_imagemagick_clock_cmd() 'ImageMagick clock cmd: convert /home/jezs/Descargas/Wallpapers-main/4k-minimalist-wallpaper-14.jpg -scale 1920x1080^ -density 100 -font `fc-match -f '%{file[0]}' 'Serif:70'` -pointsize 70 -gravity SouthEast -fill '#00000044' -annotate 0x0+58+108 '08:00' -fill white -annotate 0x0+60+110 '08:00' -font `fc-match -f '%{file[0]}' 'Serif:30'` -pointsize 30 -fill '#00000044' -annotate 0x0+58+58 'sábado, febrero 22' -fill white -annotate 0x0+60+60 'sábado, febrero 22' /home/jezs/.config/variety/wallpaper/wallpaper-clock-b56dcc9b9c8e54e38d4acfbafe54e1f6.jpg'
INFO: 2025-02-22 08:00:00,420: update_indicator() 'Setting file info to: /home/jezs/Descargas/Wallpapers-main/4k-minimalist-wallpaper-14.jpg'
INFO: 2025-02-22 08:00:00,421: list_files() 'More than 1 files in the folders, stop listing'
INFO: 2025-02-22 08:00:29,755: regular_change_thread() 'regular_change changes wallpaper'
INFO: 2025-02-22 08:00:29,755: set_wallpaper() 'Calling set_wallpaper with /home/jezs/Descargas/Wallpapers-main/137356.jpg'
INFO: 2025-02-22 08:00:29,756: do_set_wp() 'Calling do_set_wp with /home/jezs/Descargas/Wallpapers-main/137356.jpg, time: 1740229229.7565167'
INFO: 2025-02-22 08:00:29,757: prepare_thread() 'Prepared buffer contains 77 images'
INFO: 2025-02-22 08:00:29,759: compute_trimmed_offsets() 'Trimmed offsets debug info: w:1920, h:1080, ratio:1.777778, iw:1920, ih:1080, scw:1920, sch:1080, ho:0, vo:0'
INFO: 2025-02-22 08:00:29,759: build_imagemagick_clock_cmd() 'Applying clock filter: -density 100 -font `fc-match -f '%{file[0]}' 'Serif:70'` -pointsize 70 -gravity SouthEast -fill '#00000044' -annotate 0x0+58+108 '08:00' -fill white -annotate 0x0+60+110 '08:00' -font `fc-match -f '%{file[0]}' 'Serif:30'` -pointsize 30 -fill '#00000044' -annotate 0x0+58+58 'sábado, febrero 22' -fill white -annotate 0x0+60+60 'sábado, febrero 22''
INFO: 2025-02-22 08:00:29,759: build_imagemagick_clock_cmd() 'ImageMagick clock cmd: convert /home/jezs/Descargas/Wallpapers-main/137356.jpg -scale 1920x1080^ -density 100 -font `fc-match -f '%{file[0]}' 'Serif:70'` -pointsize 70 -gravity SouthEast -fill '#00000044' -annotate 0x0+58+108 '08:00' -fill white -annotate 0x0+60+110 '08:00' -font `fc-match -f '%{file[0]}' 'Serif:30'` -pointsize 30 -fill '#00000044' -annotate 0x0+58+58 'sábado, febrero 22' -fill white -annotate 0x0+60+60 'sábado, febrero 22' /home/jezs/.config/variety/wallpaper/wallpaper-clock-27f669666edb046b7dfd5f4a2e85dc54.jpg'
INFO: 2025-02-22 08:00:29,899: update_indicator() 'Setting file info to: /home/jezs/Descargas/Wallpapers-main/137356.jpg'
INFO: 2025-02-22 08:00:29,900: list_files() 'More than 1 files in the folders, stop listing'
INFO: 2025-02-22 08:00:31,758: trigger_download() 'Triggering download thread to check if download needed and possible'
INFO: 2025-02-22 08:01:00,148: clock_thread_method() 'clock_thread updates wallpaper'
INFO: 2025-02-22 08:01:00,148: do_set_wp() 'Calling do_set_wp with /home/jezs/Descargas/Wallpapers-main/137356.jpg, time: 1740229260.1488512'
INFO: 2025-02-22 08:01:00,150: compute_trimmed_offsets() 'Trimmed offsets debug info: w:1920, h:1080, ratio:1.777778, iw:1920, ih:1080, scw:1920, sch:1080, ho:0, vo:0'
INFO: 2025-02-22 08:01:00,151: build_imagemagick_clock_cmd() 'Applying clock filter: -density 100 -font `fc-match -f '%{file[0]}' 'Serif:70'` -pointsize 70 -gravity SouthEast -fill '#00000044' -annotate 0x0+58+108 '08:01' -fill white -annotate 0x0+60+110 '08:01' -font `fc-match -f '%{file[0]}' 'Serif:30'` -pointsize 30 -fill '#00000044' -annotate 0x0+58+58 'sábado, febrero 22' -fill white -annotate 0x0+60+60 'sábado, febrero 22''
INFO: 2025-02-22 08:01:00,151: build_imagemagick_clock_cmd() 'ImageMagick clock cmd: convert /home/jezs/Descargas/Wallpapers-main/137356.jpg -scale 1920x1080^ -density 100 -font `fc-match -f '%{file[0]}' 'Serif:70'` -pointsize 70 -gravity SouthEast -fill '#00000044' -annotate 0x0+58+108 '08:01' -fill white -annotate 0x0+60+110 '08:01' -font `fc-match -f '%{file[0]}' 'Serif:30'` -pointsize 30 -fill '#00000044' -annotate 0x0+58+58 'sábado, febrero 22' -fill white -annotate 0x0+60+60 'sábado, febrero 22' /home/jezs/.config/variety/wallpaper/wallpaper-clock-3f5f103470fd1464cfa3c7406b6e5c2c.jpg'
INFO: 2025-02-22 08:01:00,289: update_indicator() 'Setting file info to: /home/jezs/Descargas/Wallpapers-main/137356.jpg'
INFO: 2025-02-22 08:01:00,289: list_files() 'More than 1 files in the folders, stop listing'
INFO: 2025-02-22 08:02:00,160: clock_thread_method() 'clock_thread updates wallpaper'
INFO: 2025-02-22 08:02:00,161: do_set_wp() 'Calling do_set_wp with /home/jezs/Descargas/Wallpapers-main/137356.jpg, time: 1740229320.16138'
INFO: 2025-02-22 08:02:00,163: compute_trimmed_offsets() 'Trimmed offsets debug info: w:1920, h:1080, ratio:1.777778, iw:1920, ih:1080, scw:1920, sch:1080, ho:0, vo:0'
INFO: 2025-02-22 08:02:00,163: build_imagemagick_clock_cmd() 'Applying clock filter: -density 100 -font `fc-match -f '%{file[0]}' 'Serif:70'` -pointsize 70 -gravity SouthEast -fill '#00000044' -annotate 0x0+58+108 '08:02' -fill white -annotate 0x0+60+110 '08:02' -font `fc-match -f '%{file[0]}' 'Serif:30'` -pointsize 30 -fill '#00000044' -annotate 0x0+58+58 'sábado, febrero 22' -fill white -annotate 0x0+60+60 'sábado, febrero 22''
INFO: 2025-02-22 08:02:00,163: build_imagemagick_clock_cmd() 'ImageMagick clock cmd: convert /home/jezs/Descargas/Wallpapers-main/137356.jpg -scale 1920x1080^ -density 100 -font `fc-match -f '%{file[0]}' 'Serif:70'` -pointsize 70 -gravity SouthEast -fill '#00000044' -annotate 0x0+58+108 '08:02' -fill white -annotate 0x0+60+110 '08:02' -font `fc-match -f '%{file[0]}' 'Serif:30'` -pointsize 30 -fill '#00000044' -annotate 0x0+58+58 'sábado, febrero 22' -fill white -annotate 0x0+60+60 'sábado, febrero 22' /home/jezs/.config/variety/wallpaper/wallpaper-clock-caf7bd49af7001cf052a60a238874b39.jpg'
INFO: 2025-02-22 08:02:00,337: update_indicator() 'Setting file info to: /home/jezs/Descargas/Wallpapers-main/137356.jpg'
INFO: 2025-02-22 08:02:00,338: list_files() 'More than 1 files in the folders, stop listing'
INFO: 2025-02-22 08:03:00,173: clock_thread_method() 'clock_thread updates wallpaper'
INFO: 2025-02-22 08:03:00,174: do_set_wp() 'Calling do_set_wp with /home/jezs/Descargas/Wallpapers-main/137356.jpg, time: 1740229380.1740541'
INFO: 2025-02-22 08:03:00,175: compute_trimmed_offsets() 'Trimmed offsets debug info: w:1920, h:1080, ratio:1.777778, iw:1920, ih:1080, scw:1920, sch:1080, ho:0, vo:0'
INFO: 2025-02-22 08:03:00,176: build_imagemagick_clock_cmd() 'Applying clock filter: -density 100 -font `fc-match -f '%{file[0]}' 'Serif:70'` -pointsize 70 -gravity SouthEast -fill '#00000044' -annotate 0x0+58+108 '08:03' -fill white -annotate 0x0+60+110 '08:03' -font `fc-match -f '%{file[0]}' 'Serif:30'` -pointsize 30 -fill '#00000044' -annotate 0x0+58+58 'sábado, febrero 22' -fill white -annotate 0x0+60+60 'sábado, febrero 22''
INFO: 2025-02-22 08:03:00,176: build_imagemagick_clock_cmd() 'ImageMagick clock cmd: convert /home/jezs/Descargas/Wallpapers-main/137356.jpg -scale 1920x1080^ -density 100 -font `fc-match -f '%{file[0]}' 'Serif:70'` -pointsize 70 -gravity SouthEast -fill '#00000044' -annotate 0x0+58+108 '08:03' -fill white -annotate 0x0+60+110 '08:03' -font `fc-match -f '%{file[0]}' 'Serif:30'` -pointsize 30 -fill '#00000044' -annotate 0x0+58+58 'sábado, febrero 22' -fill white -annotate 0x0+60+60 'sábado, febrero 22' /home/jezs/.config/variety/wallpaper/wallpaper-clock-c1b809bb723eaaff1d7209d95745c2fa.jpg'
INFO: 2025-02-22 08:03:00,316: update_indicator() 'Setting file info to: /home/jezs/Descargas/Wallpapers-main/137356.jpg'
INFO: 2025-02-22 08:03:00,317: list_files() 'More than 1 files in the folders, stop listing'
INFO: 2025-02-22 08:04:00,185: clock_thread_method() 'clock_thread updates wallpaper'
INFO: 2025-02-22 08:04:00,185: do_set_wp() 'Calling do_set_wp with /home/jezs/Descargas/Wallpapers-main/137356.jpg, time: 1740229440.1859536'
INFO: 2025-02-22 08:04:00,186: compute_trimmed_offsets() 'Trimmed offsets debug info: w:1920, h:1080, ratio:1.777778, iw:1920, ih:1080, scw:1920, sch:1080, ho:0, vo:0'
INFO: 2025-02-22 08:04:00,187: build_imagemagick_clock_cmd() 'Applying clock filter: -density 100 -font `fc-match -f '%{file[0]}' 'Serif:70'` -pointsize 70 -gravity SouthEast -fill '#00000044' -annotate 0x0+58+108 '08:04' -fill white -annotate 0x0+60+110 '08:04' -font `fc-match -f '%{file[0]}' 'Serif:30'` -pointsize 30 -fill '#00000044' -annotate 0x0+58+58 'sábado, febrero 22' -fill white -annotate 0x0+60+60 'sábado, febrero 22''
INFO: 2025-02-22 08:04:00,187: build_imagemagick_clock_cmd() 'ImageMagick clock cmd: convert /home/jezs/Descargas/Wallpapers-main/137356.jpg -scale 1920x1080^ -density 100 -font `fc-match -f '%{file[0]}' 'Serif:70'` -pointsize 70 -gravity SouthEast -fill '#00000044' -annotate 0x0+58+108 '08:04' -fill white -annotate 0x0+60+110 '08:04' -font `fc-match -f '%{file[0]}' 'Serif:30'` -pointsize 30 -fill '#00000044' -annotate 0x0+58+58 'sábado, febrero 22' -fill white -annotate 0x0+60+60 'sábado, febrero 22' /home/jezs/.config/variety/wallpaper/wallpaper-clock-97213680480179c4b4ee381a9c9a4ece.jpg'
INFO: 2025-02-22 08:04:00,323: update_indicator() 'Setting file info to: /home/jezs/Descargas/Wallpapers-main/137356.jpg'
INFO: 2025-02-22 08:04:00,324: list_files() 'More than 1 files in the folders, stop listing'
INFO: 2025-02-22 08:05:00,197: clock_thread_method() 'clock_thread updates wallpaper'
INFO: 2025-02-22 08:05:00,198: do_set_wp() 'Calling do_set_wp with /home/jezs/Descargas/Wallpapers-main/137356.jpg, time: 1740229500.1980999'
INFO: 2025-02-22 08:05:00,199: compute_trimmed_offsets() 'Trimmed offsets debug info: w:1920, h:1080, ratio:1.777778, iw:1920, ih:1080, scw:1920, sch:1080, ho:0, vo:0'
INFO: 2025-02-22 08:05:00,200: build_imagemagick_clock_cmd() 'Applying clock filter: -density 100 -font `fc-match -f '%{file[0]}' 'Serif:70'` -pointsize 70 -gravity SouthEast -fill '#00000044' -annotate 0x0+58+108 '08:05' -fill white -annotate 0x0+60+110 '08:05' -font `fc-match -f '%{file[0]}' 'Serif:30'` -pointsize 30 -fill '#00000044' -annotate 0x0+58+58 'sábado, febrero 22' -fill white -annotate 0x0+60+60 'sábado, febrero 22''
INFO: 2025-02-22 08:05:00,200: build_imagemagick_clock_cmd() 'ImageMagick clock cmd: convert /home/jezs/Descargas/Wallpapers-main/137356.jpg -scale 1920x1080^ -density 100 -font `fc-match -f '%{file[0]}' 'Serif:70'` -pointsize 70 -gravity SouthEast -fill '#00000044' -annotate 0x0+58+108 '08:05' -fill white -annotate 0x0+60+110 '08:05' -font `fc-match -f '%{file[0]}' 'Serif:30'` -pointsize 30 -fill '#00000044' -annotate 0x0+58+58 'sábado, febrero 22' -fill white -annotate 0x0+60+60 'sábado, febrero 22' /home/jezs/.config/variety/wallpaper/wallpaper-clock-96b8508cc0022835651c1f2e11e80811.jpg'
INFO: 2025-02-22 08:05:00,338: update_indicator() 'Setting file info to: /home/jezs/Descargas/Wallpapers-main/137356.jpg'
INFO: 2025-02-22 08:05:00,339: list_files() 'More than 1 files in the folders, stop listing'
INFO: 2025-02-22 08:05:29,963: regular_change_thread() 'regular_change changes wallpaper'
INFO: 2025-02-22 08:05:29,964: set_wallpaper() 'Calling set_wallpaper with /home/jezs/Descargas/Wallpapers-main/4k-minimalist-wallpaper-23.png'
INFO: 2025-02-22 08:05:29,964: prepare_thread() 'Prepared buffer contains 76 images'
INFO: 2025-02-22 08:05:29,965: do_set_wp() 'Calling do_set_wp with /home/jezs/Descargas/Wallpapers-main/4k-minimalist-wallpaper-23.png, time: 1740229529.9652324'
INFO: 2025-02-22 08:05:29,967: compute_trimmed_offsets() 'Trimmed offsets debug info: w:1920, h:1080, ratio:1.777778, iw:3840, ih:2160, scw:1920, sch:1080, ho:0, vo:0'
INFO: 2025-02-22 08:05:29,967: build_imagemagick_clock_cmd() 'Applying clock filter: -density 100 -font `fc-match -f '%{file[0]}' 'Serif:70'` -pointsize 70 -gravity SouthEast -fill '#00000044' -annotate 0x0+58+108 '08:05' -fill white -annotate 0x0+60+110 '08:05' -font `fc-match -f '%{file[0]}' 'Serif:30'` -pointsize 30 -fill '#00000044' -annotate 0x0+58+58 'sábado, febrero 22' -fill white -annotate 0x0+60+60 'sábado, febrero 22''
INFO: 2025-02-22 08:05:29,968: build_imagemagick_clock_cmd() 'ImageMagick clock cmd: convert /home/jezs/Descargas/Wallpapers-main/4k-minimalist-wallpaper-23.png -scale 1920x1080^ -density 100 -font `fc-match -f '%{file[0]}' 'Serif:70'` -pointsize 70 -gravity SouthEast -fill '#00000044' -annotate 0x0+58+108 '08:05' -fill white -annotate 0x0+60+110 '08:05' -font `fc-match -f '%{file[0]}' 'Serif:30'` -pointsize 30 -fill '#00000044' -annotate 0x0+58+58 'sábado, febrero 22' -fill white -annotate 0x0+60+60 'sábado, febrero 22' /home/jezs/.config/variety/wallpaper/wallpaper-clock-211c5d28af8b8b8a51dd5bffd3a46293.jpg'
INFO: 2025-02-22 08:05:30,402: update_indicator() 'Setting file info to: /home/jezs/Descargas/Wallpapers-main/4k-minimalist-wallpaper-23.png'
INFO: 2025-02-22 08:05:30,404: list_files() 'More than 1 files in the folders, stop listing'
INFO: 2025-02-22 08:05:31,965: trigger_download() 'Triggering download thread to check if download needed and possible'
INFO: 2025-02-22 08:06:00,209: clock_thread_method() 'clock_thread updates wallpaper'
INFO: 2025-02-22 08:06:00,209: do_set_wp() 'Calling do_set_wp with /home/jezs/Descargas/Wallpapers-main/4k-minimalist-wallpaper-23.png, time: 1740229560.2096162'
INFO: 2025-02-22 08:06:00,210: compute_trimmed_offsets() 'Trimmed offsets debug info: w:1920, h:1080, ratio:1.777778, iw:3840, ih:2160, scw:1920, sch:1080, ho:0, vo:0'
INFO: 2025-02-22 08:06:00,210: build_imagemagick_clock_cmd() 'Applying clock filter: -density 100 -font `fc-match -f '%{file[0]}' 'Serif:70'` -pointsize 70 -gravity SouthEast -fill '#00000044' -annotate 0x0+58+108 '08:06' -fill white -annotate 0x0+60+110 '08:06' -font `fc-match -f '%{file[0]}' 'Serif:30'` -pointsize 30 -fill '#00000044' -annotate 0x0+58+58 'sábado, febrero 22' -fill white -annotate 0x0+60+60 'sábado, febrero 22''
INFO: 2025-02-22 08:06:00,210: build_imagemagick_clock_cmd() 'ImageMagick clock cmd: convert /home/jezs/Descargas/Wallpapers-main/4k-minimalist-wallpaper-23.png -scale 1920x1080^ -density 100 -font `fc-match -f '%{file[0]}' 'Serif:70'` -pointsize 70 -gravity SouthEast -fill '#00000044' -annotate 0x0+58+108 '08:06' -fill white -annotate 0x0+60+110 '08:06' -font `fc-match -f '%{file[0]}' 'Serif:30'` -pointsize 30 -fill '#00000044' -annotate 0x0+58+58 'sábado, febrero 22' -fill white -annotate 0x0+60+60 'sábado, febrero 22' /home/jezs/.config/variety/wallpaper/wallpaper-clock-9300a4e5ef93e290e1836016e4175ffa.jpg'
INFO: 2025-02-22 08:06:00,637: update_indicator() 'Setting file info to: /home/jezs/Descargas/Wallpapers-main/4k-minimalist-wallpaper-23.png'
INFO: 2025-02-22 08:06:00,640: list_files() 'More than 1 files in the folders, stop listing'
INFO: 2025-02-22 08:07:00,221: clock_thread_method() 'clock_thread updates wallpaper'
INFO: 2025-02-22 08:07:00,221: do_set_wp() 'Calling do_set_wp with /home/jezs/Descargas/Wallpapers-main/4k-minimalist-wallpaper-23.png, time: 1740229620.2217324'
INFO: 2025-02-22 08:07:00,223: compute_trimmed_offsets() 'Trimmed offsets debug info: w:1920, h:1080, ratio:1.777778, iw:3840, ih:2160, scw:1920, sch:1080, ho:0, vo:0'
INFO: 2025-02-22 08:07:00,224: build_imagemagick_clock_cmd() 'Applying clock filter: -density 100 -font `fc-match -f '%{file[0]}' 'Serif:70'` -pointsize 70 -gravity SouthEast -fill '#00000044' -annotate 0x0+58+108 '08:07' -fill white -annotate 0x0+60+110 '08:07' -font `fc-match -f '%{file[0]}' 'Serif:30'` -pointsize 30 -fill '#00000044' -annotate 0x0+58+58 'sábado, febrero 22' -fill white -annotate 0x0+60+60 'sábado, febrero 22''
INFO: 2025-02-22 08:07:00,224: build_imagemagick_clock_cmd() 'ImageMagick clock cmd: convert /home/jezs/Descargas/Wallpapers-main/4k-minimalist-wallpaper-23.png -scale 1920x1080^ -density 100 -font `fc-match -f '%{file[0]}' 'Serif:70'` -pointsize 70 -gravity SouthEast -fill '#00000044' -annotate 0x0+58+108 '08:07' -fill white -annotate 0x0+60+110 '08:07' -font `fc-match -f '%{file[0]}' 'Serif:30'` -pointsize 30 -fill '#00000044' -annotate 0x0+58+58 'sábado, febrero 22' -fill white -annotate 0x0+60+60 'sábado, febrero 22' /home/jezs/.config/variety/wallpaper/wallpaper-clock-4eb511aeed07dabe26b28ee7558bcae9.jpg'
INFO: 2025-02-22 08:07:00,662: update_indicator() 'Setting file info to: /home/jezs/Descargas/Wallpapers-main/4k-minimalist-wallpaper-23.png'
INFO: 2025-02-22 08:07:00,664: list_files() 'More than 1 files in the folders, stop listing'
INFO: 2025-02-22 08:08:00,233: clock_thread_method() 'clock_thread updates wallpaper'
INFO: 2025-02-22 08:08:00,233: do_set_wp() 'Calling do_set_wp with /home/jezs/Descargas/Wallpapers-main/4k-minimalist-wallpaper-23.png, time: 1740229680.2339098'
INFO: 2025-02-22 08:08:00,235: compute_trimmed_offsets() 'Trimmed offsets debug info: w:1920, h:1080, ratio:1.777778, iw:3840, ih:2160, scw:1920, sch:1080, ho:0, vo:0'
INFO: 2025-02-22 08:08:00,235: build_imagemagick_clock_cmd() 'Applying clock filter: -density 100 -font `fc-match -f '%{file[0]}' 'Serif:70'` -pointsize 70 -gravity SouthEast -fill '#00000044' -annotate 0x0+58+108 '08:08' -fill white -annotate 0x0+60+110 '08:08' -font `fc-match -f '%{file[0]}' 'Serif:30'` -pointsize 30 -fill '#00000044' -annotate 0x0+58+58 'sábado, febrero 22' -fill white -annotate 0x0+60+60 'sábado, febrero 22''
INFO: 2025-02-22 08:08:00,235: build_imagemagick_clock_cmd() 'ImageMagick clock cmd: convert /home/jezs/Descargas/Wallpapers-main/4k-minimalist-wallpaper-23.png -scale 1920x1080^ -density 100 -font `fc-match -f '%{file[0]}' 'Serif:70'` -pointsize 70 -gravity SouthEast -fill '#00000044' -annotate 0x0+58+108 '08:08' -fill white -annotate 0x0+60+110 '08:08' -font `fc-match -f '%{file[0]}' 'Serif:30'` -pointsize 30 -fill '#00000044' -annotate 0x0+58+58 'sábado, febrero 22' -fill white -annotate 0x0+60+60 'sábado, febrero 22' /home/jezs/.config/variety/wallpaper/wallpaper-clock-4d7f6826b5b63ed918a056db0dae3d90.jpg'
INFO: 2025-02-22 08:08:00,670: update_indicator() 'Setting file info to: /home/jezs/Descargas/Wallpapers-main/4k-minimalist-wallpaper-23.png'
INFO: 2025-02-22 08:08:00,673: list_files() 'More than 1 files in the folders, stop listing'
INFO: 2025-02-22 08:09:00,245: clock_thread_method() 'clock_thread updates wallpaper'
INFO: 2025-02-22 08:09:00,246: do_set_wp() 'Calling do_set_wp with /home/jezs/Descargas/Wallpapers-main/4k-minimalist-wallpaper-23.png, time: 1740229740.2460525'
INFO: 2025-02-22 08:09:00,248: compute_trimmed_offsets() 'Trimmed offsets debug info: w:1920, h:1080, ratio:1.777778, iw:3840, ih:2160, scw:1920, sch:1080, ho:0, vo:0'
INFO: 2025-02-22 08:09:00,248: build_imagemagick_clock_cmd() 'Applying clock filter: -density 100 -font `fc-match -f '%{file[0]}' 'Serif:70'` -pointsize 70 -gravity SouthEast -fill '#00000044' -annotate 0x0+58+108 '08:09' -fill white -annotate 0x0+60+110 '08:09' -font `fc-match -f '%{file[0]}' 'Serif:30'` -pointsize 30 -fill '#00000044' -annotate 0x0+58+58 'sábado, febrero 22' -fill white -annotate 0x0+60+60 'sábado, febrero 22''
INFO: 2025-02-22 08:09:00,248: build_imagemagick_clock_cmd() 'ImageMagick clock cmd: convert /home/jezs/Descargas/Wallpapers-main/4k-minimalist-wallpaper-23.png -scale 1920x1080^ -density 100 -font `fc-match -f '%{file[0]}' 'Serif:70'` -pointsize 70 -gravity SouthEast -fill '#00000044' -annotate 0x0+58+108 '08:09' -fill white -annotate 0x0+60+110 '08:09' -font `fc-match -f '%{file[0]}' 'Serif:30'` -pointsize 30 -fill '#00000044' -annotate 0x0+58+58 'sábado, febrero 22' -fill white -annotate 0x0+60+60 'sábado, febrero 22' /home/jezs/.config/variety/wallpaper/wallpaper-clock-bb741228c35eccbf1cb03f5509e3ef24.jpg'
INFO: 2025-02-22 08:09:00,682: update_indicator() 'Setting file info to: /home/jezs/Descargas/Wallpapers-main/4k-minimalist-wallpaper-23.png'
INFO: 2025-02-22 08:09:00,685: list_files() 'More than 1 files in the folders, stop listing'
INFO: 2025-02-22 08:10:00,256: clock_thread_method() 'clock_thread updates wallpaper'
INFO: 2025-02-22 08:10:00,256: do_set_wp() 'Calling do_set_wp with /home/jezs/Descargas/Wallpapers-main/4k-minimalist-wallpaper-23.png, time: 1740229800.256842'
INFO: 2025-02-22 08:10:00,258: compute_trimmed_offsets() 'Trimmed offsets debug info: w:1920, h:1080, ratio:1.777778, iw:3840, ih:2160, scw:1920, sch:1080, ho:0, vo:0'
INFO: 2025-02-22 08:10:00,259: build_imagemagick_clock_cmd() 'Applying clock filter: -density 100 -font `fc-match -f '%{file[0]}' 'Serif:70'` -pointsize 70 -gravity SouthEast -fill '#00000044' -annotate 0x0+58+108 '08:10' -fill white -annotate 0x0+60+110 '08:10' -font `fc-match -f '%{file[0]}' 'Serif:30'` -pointsize 30 -fill '#00000044' -annotate 0x0+58+58 'sábado, febrero 22' -fill white -annotate 0x0+60+60 'sábado, febrero 22''
INFO: 2025-02-22 08:10:00,259: build_imagemagick_clock_cmd() 'ImageMagick clock cmd: convert /home/jezs/Descargas/Wallpapers-main/4k-minimalist-wallpaper-23.png -scale 1920x1080^ -density 100 -font `fc-match -f '%{file[0]}' 'Serif:70'` -pointsize 70 -gravity SouthEast -fill '#00000044' -annotate 0x0+58+108 '08:10' -fill white -annotate 0x0+60+110 '08:10' -font `fc-match -f '%{file[0]}' 'Serif:30'` -pointsize 30 -fill '#00000044' -annotate 0x0+58+58 'sábado, febrero 22' -fill white -annotate 0x0+60+60 'sábado, febrero 22' /home/jezs/.config/variety/wallpaper/wallpaper-clock-d916298449aa6ce3f100cb5635fbb4f8.jpg'
INFO: 2025-02-22 08:10:00,696: update_indicator() 'Setting file info to: /home/jezs/Descargas/Wallpapers-main/4k-minimalist-wallpaper-23.png'
INFO: 2025-02-22 08:10:00,698: list_files() 'More than 1 files in the folders, stop listing'
INFO: 2025-02-22 08:10:30,466: regular_change_thread() 'regular_change changes wallpaper'
INFO: 2025-02-22 08:10:30,466: set_wallpaper() 'Calling set_wallpaper with /home/jezs/Descargas/Wallpapers-main/arte-dragon-ball-super-goku-and-black-goku_7680x4320_xtrafondos.com.jpg'
INFO: 2025-02-22 08:10:30,467: prepare_thread() 'Prepared buffer contains 75 images'
INFO: 2025-02-22 08:10:30,467: do_set_wp() 'Calling do_set_wp with /home/jezs/Descargas/Wallpapers-main/arte-dragon-ball-super-goku-and-black-goku_7680x4320_xtrafondos.com.jpg, time: 1740229830.4679735'
INFO: 2025-02-22 08:10:30,469: compute_trimmed_offsets() 'Trimmed offsets debug info: w:1920, h:1080, ratio:1.777778, iw:7680, ih:4320, scw:1920, sch:1080, ho:0, vo:0'
INFO: 2025-02-22 08:10:30,470: build_imagemagick_clock_cmd() 'Applying clock filter: -density 100 -font `fc-match -f '%{file[0]}' 'Serif:70'` -pointsize 70 -gravity SouthEast -fill '#00000044' -annotate 0x0+58+108 '08:10' -fill white -annotate 0x0+60+110 '08:10' -font `fc-match -f '%{file[0]}' 'Serif:30'` -pointsize 30 -fill '#00000044' -annotate 0x0+58+58 'sábado, febrero 22' -fill white -annotate 0x0+60+60 'sábado, febrero 22''
INFO: 2025-02-22 08:10:30,470: build_imagemagick_clock_cmd() 'ImageMagick clock cmd: convert /home/jezs/Descargas/Wallpapers-main/arte-dragon-ball-super-goku-and-black-goku_7680x4320_xtrafondos.com.jpg -scale 1920x1080^ -density 100 -font `fc-match -f '%{file[0]}' 'Serif:70'` -pointsize 70 -gravity SouthEast -fill '#00000044' -annotate 0x0+58+108 '08:10' -fill white -annotate 0x0+60+110 '08:10' -font `fc-match -f '%{file[0]}' 'Serif:30'` -pointsize 30 -fill '#00000044' -annotate 0x0+58+58 'sábado, febrero 22' -fill white -annotate 0x0+60+60 'sábado, febrero 22' /home/jezs/.config/variety/wallpaper/wallpaper-clock-c53aaa33ae92059224a7c15fbc4fbf18.jpg'
INFO: 2025-02-22 08:10:31,131: update_indicator() 'Setting file info to: /home/jezs/Descargas/Wallpapers-main/arte-dragon-ball-super-goku-and-black-goku_7680x4320_xtrafondos.com.jpg'
INFO: 2025-02-22 08:10:31,132: list_files() 'More than 1 files in the folders, stop listing'
INFO: 2025-02-22 08:10:32,467: trigger_download() 'Triggering download thread to check if download needed and possible'
INFO: 2025-02-22 08:11:00,267: clock_thread_method() 'clock_thread updates wallpaper'
INFO: 2025-02-22 08:11:00,268: do_set_wp() 'Calling do_set_wp with /home/jezs/Descargas/Wallpapers-main/arte-dragon-ball-super-goku-and-black-goku_7680x4320_xtrafondos.com.jpg, time: 1740229860.2685068'
INFO: 2025-02-22 08:11:00,270: compute_trimmed_offsets() 'Trimmed offsets debug info: w:1920, h:1080, ratio:1.777778, iw:7680, ih:4320, scw:1920, sch:1080, ho:0, vo:0'
INFO: 2025-02-22 08:11:00,270: build_imagemagick_clock_cmd() 'Applying clock filter: -density 100 -font `fc-match -f '%{file[0]}' 'Serif:70'` -pointsize 70 -gravity SouthEast -fill '#00000044' -annotate 0x0+58+108 '08:11' -fill white -annotate 0x0+60+110 '08:11' -font `fc-match -f '%{file[0]}' 'Serif:30'` -pointsize 30 -fill '#00000044' -annotate 0x0+58+58 'sábado, febrero 22' -fill white -annotate 0x0+60+60 'sábado, febrero 22''
INFO: 2025-02-22 08:11:00,270: build_imagemagick_clock_cmd() 'ImageMagick clock cmd: convert /home/jezs/Descargas/Wallpapers-main/arte-dragon-ball-super-goku-and-black-goku_7680x4320_xtrafondos.com.jpg -scale 1920x1080^ -density 100 -font `fc-match -f '%{file[0]}' 'Serif:70'` -pointsize 70 -gravity SouthEast -fill '#00000044' -annotate 0x0+58+108 '08:11' -fill white -annotate 0x0+60+110 '08:11' -font `fc-match -f '%{file[0]}' 'Serif:30'` -pointsize 30 -fill '#00000044' -annotate 0x0+58+58 'sábado, febrero 22' -fill white -annotate 0x0+60+60 'sábado, febrero 22' /home/jezs/.config/variety/wallpaper/wallpaper-clock-d56ea1d10893e1ed257997e485133d37.jpg'
INFO: 2025-02-22 08:11:00,898: update_indicator() 'Setting file info to: /home/jezs/Descargas/Wallpapers-main/arte-dragon-ball-super-goku-and-black-goku_7680x4320_xtrafondos.com.jpg'
INFO: 2025-02-22 08:11:00,899: list_files() 'More than 1 files in the folders, stop listing'
INFO: 2025-02-22 08:12:00,279: clock_thread_method() 'clock_thread updates wallpaper'
INFO: 2025-02-22 08:12:00,280: do_set_wp() 'Calling do_set_wp with /home/jezs/Descargas/Wallpapers-main/arte-dragon-ball-super-goku-and-black-goku_7680x4320_xtrafondos.com.jpg, time: 1740229920.2804446'
INFO: 2025-02-22 08:12:00,282: compute_trimmed_offsets() 'Trimmed offsets debug info: w:1920, h:1080, ratio:1.777778, iw:7680, ih:4320, scw:1920, sch:1080, ho:0, vo:0'
INFO: 2025-02-22 08:12:00,282: build_imagemagick_clock_cmd() 'Applying clock filter: -density 100 -font `fc-match -f '%{file[0]}' 'Serif:70'` -pointsize 70 -gravity SouthEast -fill '#00000044' -annotate 0x0+58+108 '08:12' -fill white -annotate 0x0+60+110 '08:12' -font `fc-match -f '%{file[0]}' 'Serif:30'` -pointsize 30 -fill '#00000044' -annotate 0x0+58+58 'sábado, febrero 22' -fill white -annotate 0x0+60+60 'sábado, febrero 22''
INFO: 2025-02-22 08:12:00,282: build_imagemagick_clock_cmd() 'ImageMagick clock cmd: convert /home/jezs/Descargas/Wallpapers-main/arte-dragon-ball-super-goku-and-black-goku_7680x4320_xtrafondos.com.jpg -scale 1920x1080^ -density 100 -font `fc-match -f '%{file[0]}' 'Serif:70'` -pointsize 70 -gravity SouthEast -fill '#00000044' -annotate 0x0+58+108 '08:12' -fill white -annotate 0x0+60+110 '08:12' -font `fc-match -f '%{file[0]}' 'Serif:30'` -pointsize 30 -fill '#00000044' -annotate 0x0+58+58 'sábado, febrero 22' -fill white -annotate 0x0+60+60 'sábado, febrero 22' /home/jezs/.config/variety/wallpaper/wallpaper-clock-e9c27957382687bdfb29193cfacf9640.jpg'
INFO: 2025-02-22 08:12:00,909: update_indicator() 'Setting file info to: /home/jezs/Descargas/Wallpapers-main/arte-dragon-ball-super-goku-and-black-goku_7680x4320_xtrafondos.com.jpg'
INFO: 2025-02-22 08:12:00,909: list_files() 'More than 1 files in the folders, stop listing'
INFO: 2025-02-22 08:13:00,291: clock_thread_method() 'clock_thread updates wallpaper'
INFO: 2025-02-22 08:13:00,292: do_set_wp() 'Calling do_set_wp with /home/jezs/Descargas/Wallpapers-main/arte-dragon-ball-super-goku-and-black-goku_7680x4320_xtrafondos.com.jpg, time: 1740229980.2922268'
INFO: 2025-02-22 08:13:00,294: compute_trimmed_offsets() 'Trimmed offsets debug info: w:1920, h:1080, ratio:1.777778, iw:7680, ih:4320, scw:1920, sch:1080, ho:0, vo:0'
INFO: 2025-02-22 08:13:00,294: build_imagemagick_clock_cmd() 'Applying clock filter: -density 100 -font `fc-match -f '%{file[0]}' 'Serif:70'` -pointsize 70 -gravity SouthEast -fill '#00000044' -annotate 0x0+58+108 '08:13' -fill white -annotate 0x0+60+110 '08:13' -font `fc-match -f '%{file[0]}' 'Serif:30'` -pointsize 30 -fill '#00000044' -annotate 0x0+58+58 'sábado, febrero 22' -fill white -annotate 0x0+60+60 'sábado, febrero 22''
INFO: 2025-02-22 08:13:00,294: build_imagemagick_clock_cmd() 'ImageMagick clock cmd: convert /home/jezs/Descargas/Wallpapers-main/arte-dragon-ball-super-goku-and-black-goku_7680x4320_xtrafondos.com.jpg -scale 1920x1080^ -density 100 -font `fc-match -f '%{file[0]}' 'Serif:70'` -pointsize 70 -gravity SouthEast -fill '#00000044' -annotate 0x0+58+108 '08:13' -fill white -annotate 0x0+60+110 '08:13' -font `fc-match -f '%{file[0]}' 'Serif:30'` -pointsize 30 -fill '#00000044' -annotate 0x0+58+58 'sábado, febrero 22' -fill white -annotate 0x0+60+60 'sábado, febrero 22' /home/jezs/.config/variety/wallpaper/wallpaper-clock-3f6d4a14c9f722775400fcedce8ca62e.jpg'
INFO: 2025-02-22 08:13:00,954: update_indicator() 'Setting file info to: /home/jezs/Descargas/Wallpapers-main/arte-dragon-ball-super-goku-and-black-goku_7680x4320_xtrafondos.com.jpg'
INFO: 2025-02-22 08:13:00,955: list_files() 'More than 1 files in the folders, stop listing'
INFO: 2025-02-22 08:14:00,303: clock_thread_method() 'clock_thread updates wallpaper'
INFO: 2025-02-22 08:14:00,304: do_set_wp() 'Calling do_set_wp with /home/jezs/Descargas/Wallpapers-main/arte-dragon-ball-super-goku-and-black-goku_7680x4320_xtrafondos.com.jpg, time: 1740230040.3042216'
INFO: 2025-02-22 08:14:00,305: compute_trimmed_offsets() 'Trimmed offsets debug info: w:1920, h:1080, ratio:1.777778, iw:7680, ih:4320, scw:1920, sch:1080, ho:0, vo:0'
INFO: 2025-02-22 08:14:00,306: build_imagemagick_clock_cmd() 'Applying clock filter: -density 100 -font `fc-match -f '%{file[0]}' 'Serif:70'` -pointsize 70 -gravity SouthEast -fill '#00000044' -annotate 0x0+58+108 '08:14' -fill white -annotate 0x0+60+110 '08:14' -font `fc-match -f '%{file[0]}' 'Serif:30'` -pointsize 30 -fill '#00000044' -annotate 0x0+58+58 'sábado, febrero 22' -fill white -annotate 0x0+60+60 'sábado, febrero 22''
INFO: 2025-02-22 08:14:00,306: build_imagemagick_clock_cmd() 'ImageMagick clock cmd: convert /home/jezs/Descargas/Wallpapers-main/arte-dragon-ball-super-goku-and-black-goku_7680x4320_xtrafondos.com.jpg -scale 1920x1080^ -density 100 -font `fc-match -f '%{file[0]}' 'Serif:70'` -pointsize 70 -gravity SouthEast -fill '#00000044' -annotate 0x0+58+108 '08:14' -fill white -annotate 0x0+60+110 '08:14' -font `fc-match -f '%{file[0]}' 'Serif:30'` -pointsize 30 -fill '#00000044' -annotate 0x0+58+58 'sábado, febrero 22' -fill white -annotate 0x0+60+60 'sábado, febrero 22' /home/jezs/.config/variety/wallpaper/wallpaper-clock-1b6fbd2d1be2688c3ce7f85aacb06323.jpg'
INFO: 2025-02-22 08:14:00,931: update_indicator() 'Setting file info to: /home/jezs/Descargas/Wallpapers-main/arte-dragon-ball-super-goku-and-black-goku_7680x4320_xtrafondos.com.jpg'
INFO: 2025-02-22 08:14:00,931: list_files() 'More than 1 files in the folders, stop listing'
INFO: 2025-02-22 08:15:00,314: clock_thread_method() 'clock_thread updates wallpaper'
INFO: 2025-02-22 08:15:00,315: do_set_wp() 'Calling do_set_wp with /home/jezs/Descargas/Wallpapers-main/arte-dragon-ball-super-goku-and-black-goku_7680x4320_xtrafondos.com.jpg, time: 1740230100.3156047'
INFO: 2025-02-22 08:15:00,317: compute_trimmed_offsets() 'Trimmed offsets debug info: w:1920, h:1080, ratio:1.777778, iw:7680, ih:4320, scw:1920, sch:1080, ho:0, vo:0'
INFO: 2025-02-22 08:15:00,317: build_imagemagick_clock_cmd() 'Applying clock filter: -density 100 -font `fc-match -f '%{file[0]}' 'Serif:70'` -pointsize 70 -gravity SouthEast -fill '#00000044' -annotate 0x0+58+108 '08:15' -fill white -annotate 0x0+60+110 '08:15' -font `fc-match -f '%{file[0]}' 'Serif:30'` -pointsize 30 -fill '#00000044' -annotate 0x0+58+58 'sábado, febrero 22' -fill white -annotate 0x0+60+60 'sábado, febrero 22''
INFO: 2025-02-22 08:15:00,318: build_imagemagick_clock_cmd() 'ImageMagick clock cmd: convert /home/jezs/Descargas/Wallpapers-main/arte-dragon-ball-super-goku-and-black-goku_7680x4320_xtrafondos.com.jpg -scale 1920x1080^ -density 100 -font `fc-match -f '%{file[0]}' 'Serif:70'` -pointsize 70 -gravity SouthEast -fill '#00000044' -annotate 0x0+58+108 '08:15' -fill white -annotate 0x0+60+110 '08:15' -font `fc-match -f '%{file[0]}' 'Serif:30'` -pointsize 30 -fill '#00000044' -annotate 0x0+58+58 'sábado, febrero 22' -fill white -annotate 0x0+60+60 'sábado, febrero 22' /home/jezs/.config/variety/wallpaper/wallpaper-clock-6b0b57a3fa61ede4faa814517b942973.jpg'
INFO: 2025-02-22 08:15:00,943: update_indicator() 'Setting file info to: /home/jezs/Descargas/Wallpapers-main/arte-dragon-ball-super-goku-and-black-goku_7680x4320_xtrafondos.com.jpg'
INFO: 2025-02-22 08:15:00,944: list_files() 'More than 1 files in the folders, stop listing'
INFO: 2025-02-22 08:15:31,195: regular_change_thread() 'regular_change changes wallpaper'
INFO: 2025-02-22 08:15:31,195: set_wallpaper() 'Calling set_wallpaper with /home/jezs/Descargas/Wallpapers-main/pyramids-minimalist-4k_1560535308.jpg'
INFO: 2025-02-22 08:15:31,196: do_set_wp() 'Calling do_set_wp with /home/jezs/Descargas/Wallpapers-main/pyramids-minimalist-4k_1560535308.jpg, time: 1740230131.1962006'
INFO: 2025-02-22 08:15:31,196: prepare_thread() 'Prepared buffer contains 74 images'
INFO: 2025-02-22 08:15:31,198: compute_trimmed_offsets() 'Trimmed offsets debug info: w:1920, h:1080, ratio:1.777778, iw:3840, ih:2160, scw:1920, sch:1080, ho:0, vo:0'
INFO: 2025-02-22 08:15:31,199: build_imagemagick_clock_cmd() 'Applying clock filter: -density 100 -font `fc-match -f '%{file[0]}' 'Serif:70'` -pointsize 70 -gravity SouthEast -fill '#00000044' -annotate 0x0+58+108 '08:15' -fill white -annotate 0x0+60+110 '08:15' -font `fc-match -f '%{file[0]}' 'Serif:30'` -pointsize 30 -fill '#00000044' -annotate 0x0+58+58 'sábado, febrero 22' -fill white -annotate 0x0+60+60 'sábado, febrero 22''
INFO: 2025-02-22 08:15:31,199: build_imagemagick_clock_cmd() 'ImageMagick clock cmd: convert /home/jezs/Descargas/Wallpapers-main/pyramids-minimalist-4k_1560535308.jpg -scale 1920x1080^ -density 100 -font `fc-match -f '%{file[0]}' 'Serif:70'` -pointsize 70 -gravity SouthEast -fill '#00000044' -annotate 0x0+58+108 '08:15' -fill white -annotate 0x0+60+110 '08:15' -font `fc-match -f '%{file[0]}' 'Serif:30'` -pointsize 30 -fill '#00000044' -annotate 0x0+58+58 'sábado, febrero 22' -fill white -annotate 0x0+60+60 'sábado, febrero 22' /home/jezs/.config/variety/wallpaper/wallpaper-clock-298ecb49e941b78bd89b765e51629b50.jpg'
INFO: 2025-02-22 08:15:31,491: update_indicator() 'Setting file info to: /home/jezs/Descargas/Wallpapers-main/pyramids-minimalist-4k_1560535308.jpg'
INFO: 2025-02-22 08:15:31,491: list_files() 'More than 1 files in the folders, stop listing'
INFO: 2025-02-22 08:15:33,197: trigger_download() 'Triggering download thread to check if download needed and possible'
INFO: 2025-02-22 08:16:00,326: clock_thread_method() 'clock_thread updates wallpaper'
INFO: 2025-02-22 08:16:00,327: do_set_wp() 'Calling do_set_wp with /home/jezs/Descargas/Wallpapers-main/pyramids-minimalist-4k_1560535308.jpg, time: 1740230160.3276155'
INFO: 2025-02-22 08:16:00,329: compute_trimmed_offsets() 'Trimmed offsets debug info: w:1920, h:1080, ratio:1.777778, iw:3840, ih:2160, scw:1920, sch:1080, ho:0, vo:0'
INFO: 2025-02-22 08:16:00,329: build_imagemagick_clock_cmd() 'Applying clock filter: -density 100 -font `fc-match -f '%{file[0]}' 'Serif:70'` -pointsize 70 -gravity SouthEast -fill '#00000044' -annotate 0x0+58+108 '08:16' -fill white -annotate 0x0+60+110 '08:16' -font `fc-match -f '%{file[0]}' 'Serif:30'` -pointsize 30 -fill '#00000044' -annotate 0x0+58+58 'sábado, febrero 22' -fill white -annotate 0x0+60+60 'sábado, febrero 22''
INFO: 2025-02-22 08:16:00,329: build_imagemagick_clock_cmd() 'ImageMagick clock cmd: convert /home/jezs/Descargas/Wallpapers-main/pyramids-minimalist-4k_1560535308.jpg -scale 1920x1080^ -density 100 -font `fc-match -f '%{file[0]}' 'Serif:70'` -pointsize 70 -gravity SouthEast -fill '#00000044' -annotate 0x0+58+108 '08:16' -fill white -annotate 0x0+60+110 '08:16' -font `fc-match -f '%{file[0]}' 'Serif:30'` -pointsize 30 -fill '#00000044' -annotate 0x0+58+58 'sábado, febrero 22' -fill white -annotate 0x0+60+60 'sábado, febrero 22' /home/jezs/.config/variety/wallpaper/wallpaper-clock-80fea8e249179f867b3cb319ea71b9e2.jpg'
INFO: 2025-02-22 08:16:00,624: update_indicator() 'Setting file info to: /home/jezs/Descargas/Wallpapers-main/pyramids-minimalist-4k_1560535308.jpg'
INFO: 2025-02-22 08:16:00,624: list_files() 'More than 1 files in the folders, stop listing'
INFO: 2025-02-22 08:17:00,339: clock_thread_method() 'clock_thread updates wallpaper'
INFO: 2025-02-22 08:17:00,339: do_set_wp() 'Calling do_set_wp with /home/jezs/Descargas/Wallpapers-main/pyramids-minimalist-4k_1560535308.jpg, time: 1740230220.339744'
INFO: 2025-02-22 08:17:00,342: compute_trimmed_offsets() 'Trimmed offsets debug info: w:1920, h:1080, ratio:1.777778, iw:3840, ih:2160, scw:1920, sch:1080, ho:0, vo:0'
INFO: 2025-02-22 08:17:00,342: build_imagemagick_clock_cmd() 'Applying clock filter: -density 100 -font `fc-match -f '%{file[0]}' 'Serif:70'` -pointsize 70 -gravity SouthEast -fill '#00000044' -annotate 0x0+58+108 '08:17' -fill white -annotate 0x0+60+110 '08:17' -font `fc-match -f '%{file[0]}' 'Serif:30'` -pointsize 30 -fill '#00000044' -annotate 0x0+58+58 'sábado, febrero 22' -fill white -annotate 0x0+60+60 'sábado, febrero 22''
INFO: 2025-02-22 08:17:00,342: build_imagemagick_clock_cmd() 'ImageMagick clock cmd: convert /home/jezs/Descargas/Wallpapers-main/pyramids-minimalist-4k_1560535308.jpg -scale 1920x1080^ -density 100 -font `fc-match -f '%{file[0]}' 'Serif:70'` -pointsize 70 -gravity SouthEast -fill '#00000044' -annotate 0x0+58+108 '08:17' -fill white -annotate 0x0+60+110 '08:17' -font `fc-match -f '%{file[0]}' 'Serif:30'` -pointsize 30 -fill '#00000044' -annotate 0x0+58+58 'sábado, febrero 22' -fill white -annotate 0x0+60+60 'sábado, febrero 22' /home/jezs/.config/variety/wallpaper/wallpaper-clock-7ca42e3ae4f3cbefdd19be20abe1da3a.jpg'
INFO: 2025-02-22 08:17:00,636: update_indicator() 'Setting file info to: /home/jezs/Descargas/Wallpapers-main/pyramids-minimalist-4k_1560535308.jpg'
INFO: 2025-02-22 08:17:00,637: list_files() 'More than 1 files in the folders, stop listing'
INFO: 2025-02-22 08:18:00,351: clock_thread_method() 'clock_thread updates wallpaper'
INFO: 2025-02-22 08:18:00,352: do_set_wp() 'Calling do_set_wp with /home/jezs/Descargas/Wallpapers-main/pyramids-minimalist-4k_1560535308.jpg, time: 1740230280.3522599'
INFO: 2025-02-22 08:18:00,353: compute_trimmed_offsets() 'Trimmed offsets debug info: w:1920, h:1080, ratio:1.777778, iw:3840, ih:2160, scw:1920, sch:1080, ho:0, vo:0'
INFO: 2025-02-22 08:18:00,354: build_imagemagick_clock_cmd() 'Applying clock filter: -density 100 -font `fc-match -f '%{file[0]}' 'Serif:70'` -pointsize 70 -gravity SouthEast -fill '#00000044' -annotate 0x0+58+108 '08:18' -fill white -annotate 0x0+60+110 '08:18' -font `fc-match -f '%{file[0]}' 'Serif:30'` -pointsize 30 -fill '#00000044' -annotate 0x0+58+58 'sábado, febrero 22' -fill white -annotate 0x0+60+60 'sábado, febrero 22''
INFO: 2025-02-22 08:18:00,354: build_imagemagick_clock_cmd() 'ImageMagick clock cmd: convert /home/jezs/Descargas/Wallpapers-main/pyramids-minimalist-4k_1560535308.jpg -scale 1920x1080^ -density 100 -font `fc-match -f '%{file[0]}' 'Serif:70'` -pointsize 70 -gravity SouthEast -fill '#00000044' -annotate 0x0+58+108 '08:18' -fill white -annotate 0x0+60+110 '08:18' -font `fc-match -f '%{file[0]}' 'Serif:30'` -pointsize 30 -fill '#00000044' -annotate 0x0+58+58 'sábado, febrero 22' -fill white -annotate 0x0+60+60 'sábado, febrero 22' /home/jezs/.config/variety/wallpaper/wallpaper-clock-fd4f6195e3396d7509e6eb9578b9b3e5.jpg'
INFO: 2025-02-22 08:18:00,646: update_indicator() 'Setting file info to: /home/jezs/Descargas/Wallpapers-main/pyramids-minimalist-4k_1560535308.jpg'
INFO: 2025-02-22 08:18:00,646: list_files() 'More than 1 files in the folders, stop listing'
INFO: 2025-02-22 08:19:00,363: clock_thread_method() 'clock_thread updates wallpaper'
INFO: 2025-02-22 08:19:00,363: do_set_wp() 'Calling do_set_wp with /home/jezs/Descargas/Wallpapers-main/pyramids-minimalist-4k_1560535308.jpg, time: 1740230340.363702'
INFO: 2025-02-22 08:19:00,364: compute_trimmed_offsets() 'Trimmed offsets debug info: w:1920, h:1080, ratio:1.777778, iw:3840, ih:2160, scw:1920, sch:1080, ho:0, vo:0'
INFO: 2025-02-22 08:19:00,364: build_imagemagick_clock_cmd() 'Applying clock filter: -density 100 -font `fc-match -f '%{file[0]}' 'Serif:70'` -pointsize 70 -gravity SouthEast -fill '#00000044' -annotate 0x0+58+108 '08:19' -fill white -annotate 0x0+60+110 '08:19' -font `fc-match -f '%{file[0]}' 'Serif:30'` -pointsize 30 -fill '#00000044' -annotate 0x0+58+58 'sábado, febrero 22' -fill white -annotate 0x0+60+60 'sábado, febrero 22''
INFO: 2025-02-22 08:19:00,364: build_imagemagick_clock_cmd() 'ImageMagick clock cmd: convert /home/jezs/Descargas/Wallpapers-main/pyramids-minimalist-4k_1560535308.jpg -scale 1920x1080^ -density 100 -font `fc-match -f '%{file[0]}' 'Serif:70'` -pointsize 70 -gravity SouthEast -fill '#00000044' -annotate 0x0+58+108 '08:19' -fill white -annotate 0x0+60+110 '08:19' -font `fc-match -f '%{file[0]}' 'Serif:30'` -pointsize 30 -fill '#00000044' -annotate 0x0+58+58 'sábado, febrero 22' -fill white -annotate 0x0+60+60 'sábado, febrero 22' /home/jezs/.config/variety/wallpaper/wallpaper-clock-c73ff8d91c0103ddc01763f0934a4b26.jpg'
INFO: 2025-02-22 08:19:00,653: update_indicator() 'Setting file info to: /home/jezs/Descargas/Wallpapers-main/pyramids-minimalist-4k_1560535308.jpg'
INFO: 2025-02-22 08:19:00,653: list_files() 'More than 1 files in the folders, stop listing'
INFO: 2025-02-22 08:20:00,374: clock_thread_method() 'clock_thread updates wallpaper'
INFO: 2025-02-22 08:20:00,374: do_set_wp() 'Calling do_set_wp with /home/jezs/Descargas/Wallpapers-main/pyramids-minimalist-4k_1560535308.jpg, time: 1740230400.3744342'
INFO: 2025-02-22 08:20:00,374: compute_trimmed_offsets() 'Trimmed offsets debug info: w:1920, h:1080, ratio:1.777778, iw:3840, ih:2160, scw:1920, sch:1080, ho:0, vo:0'
INFO: 2025-02-22 08:20:00,374: build_imagemagick_clock_cmd() 'Applying clock filter: -density 100 -font `fc-match -f '%{file[0]}' 'Serif:70'` -pointsize 70 -gravity SouthEast -fill '#00000044' -annotate 0x0+58+108 '08:20' -fill white -annotate 0x0+60+110 '08:20' -font `fc-match -f '%{file[0]}' 'Serif:30'` -pointsize 30 -fill '#00000044' -annotate 0x0+58+58 'sábado, febrero 22' -fill white -annotate 0x0+60+60 'sábado, febrero 22''
INFO: 2025-02-22 08:20:00,374: build_imagemagick_clock_cmd() 'ImageMagick clock cmd: convert /home/jezs/Descargas/Wallpapers-main/pyramids-minimalist-4k_1560535308.jpg -scale 1920x1080^ -density 100 -font `fc-match -f '%{file[0]}' 'Serif:70'` -pointsize 70 -gravity SouthEast -fill '#00000044' -annotate 0x0+58+108 '08:20' -fill white -annotate 0x0+60+110 '08:20' -font `fc-match -f '%{file[0]}' 'Serif:30'` -pointsize 30 -fill '#00000044' -annotate 0x0+58+58 'sábado, febrero 22' -fill white -annotate 0x0+60+60 'sábado, febrero 22' /home/jezs/.config/variety/wallpaper/wallpaper-clock-a8386ff5ffafc42161e18908a3da5d1e.jpg'
INFO: 2025-02-22 08:20:00,659: update_indicator() 'Setting file info to: /home/jezs/Descargas/Wallpapers-main/pyramids-minimalist-4k_1560535308.jpg'
INFO: 2025-02-22 08:20:00,659: list_files() 'More than 1 files in the folders, stop listing'
INFO: 2025-02-22 08:20:31,605: regular_change_thread() 'regular_change changes wallpaper'
INFO: 2025-02-22 08:20:31,605: set_wallpaper() 'Calling set_wallpaper with /home/jezs/Descargas/Wallpapers-main/cyberpunk-2077-glitch-logo-4k-wt.jpg'
INFO: 2025-02-22 08:20:31,605: do_set_wp() 'Calling do_set_wp with /home/jezs/Descargas/Wallpapers-main/cyberpunk-2077-glitch-logo-4k-wt.jpg, time: 1740230431.6056526'
INFO: 2025-02-22 08:20:31,605: prepare_thread() 'Prepared buffer contains 73 images'
INFO: 2025-02-22 08:20:31,606: compute_trimmed_offsets() 'Trimmed offsets debug info: w:1920, h:1080, ratio:1.777778, iw:3840, ih:2160, scw:1920, sch:1080, ho:0, vo:0'
INFO: 2025-02-22 08:20:31,606: build_imagemagick_clock_cmd() 'Applying clock filter: -density 100 -font `fc-match -f '%{file[0]}' 'Serif:70'` -pointsize 70 -gravity SouthEast -fill '#00000044' -annotate 0x0+58+108 '08:20' -fill white -annotate 0x0+60+110 '08:20' -font `fc-match -f '%{file[0]}' 'Serif:30'` -pointsize 30 -fill '#00000044' -annotate 0x0+58+58 'sábado, febrero 22' -fill white -annotate 0x0+60+60 'sábado, febrero 22''
INFO: 2025-02-22 08:20:31,606: build_imagemagick_clock_cmd() 'ImageMagick clock cmd: convert /home/jezs/Descargas/Wallpapers-main/cyberpunk-2077-glitch-logo-4k-wt.jpg -scale 1920x1080^ -density 100 -font `fc-match -f '%{file[0]}' 'Serif:70'` -pointsize 70 -gravity SouthEast -fill '#00000044' -annotate 0x0+58+108 '08:20' -fill white -annotate 0x0+60+110 '08:20' -font `fc-match -f '%{file[0]}' 'Serif:30'` -pointsize 30 -fill '#00000044' -annotate 0x0+58+58 'sábado, febrero 22' -fill white -annotate 0x0+60+60 'sábado, febrero 22' /home/jezs/.config/variety/wallpaper/wallpaper-clock-e73dc7e065acda9b435cc5fbfe1d262f.jpg'
INFO: 2025-02-22 08:20:31,983: update_indicator() 'Setting file info to: /home/jezs/Descargas/Wallpapers-main/cyberpunk-2077-glitch-logo-4k-wt.jpg'
INFO: 2025-02-22 08:20:31,984: list_files() 'More than 1 files in the folders, stop listing'
INFO: 2025-02-22 08:20:33,606: trigger_download() 'Triggering download thread to check if download needed and possible'
INFO: 2025-02-22 08:21:00,384: clock_thread_method() 'clock_thread updates wallpaper'
INFO: 2025-02-22 08:21:00,385: do_set_wp() 'Calling do_set_wp with /home/jezs/Descargas/Wallpapers-main/cyberpunk-2077-glitch-logo-4k-wt.jpg, time: 1740230460.3851292'
INFO: 2025-02-22 08:21:00,386: compute_trimmed_offsets() 'Trimmed offsets debug info: w:1920, h:1080, ratio:1.777778, iw:3840, ih:2160, scw:1920, sch:1080, ho:0, vo:0'
INFO: 2025-02-22 08:21:00,386: build_imagemagick_clock_cmd() 'Applying clock filter: -density 100 -font `fc-match -f '%{file[0]}' 'Serif:70'` -pointsize 70 -gravity SouthEast -fill '#00000044' -annotate 0x0+58+108 '08:21' -fill white -annotate 0x0+60+110 '08:21' -font `fc-match -f '%{file[0]}' 'Serif:30'` -pointsize 30 -fill '#00000044' -annotate 0x0+58+58 'sábado, febrero 22' -fill white -annotate 0x0+60+60 'sábado, febrero 22''
INFO: 2025-02-22 08:21:00,386: build_imagemagick_clock_cmd() 'ImageMagick clock cmd: convert /home/jezs/Descargas/Wallpapers-main/cyberpunk-2077-glitch-logo-4k-wt.jpg -scale 1920x1080^ -density 100 -font `fc-match -f '%{file[0]}' 'Serif:70'` -pointsize 70 -gravity SouthEast -fill '#00000044' -annotate 0x0+58+108 '08:21' -fill white -annotate 0x0+60+110 '08:21' -font `fc-match -f '%{file[0]}' 'Serif:30'` -pointsize 30 -fill '#00000044' -annotate 0x0+58+58 'sábado, febrero 22' -fill white -annotate 0x0+60+60 'sábado, febrero 22' /home/jezs/.config/variety/wallpaper/wallpaper-clock-df39831304826cbbb7a9e16eab0b3360.jpg'
INFO: 2025-02-22 08:21:00,786: update_indicator() 'Setting file info to: /home/jezs/Descargas/Wallpapers-main/cyberpunk-2077-glitch-logo-4k-wt.jpg'
INFO: 2025-02-22 08:21:00,786: list_files() 'More than 1 files in the folders, stop listing'
INFO: 2025-02-22 08:22:00,396: clock_thread_method() 'clock_thread updates wallpaper'
INFO: 2025-02-22 08:22:00,396: do_set_wp() 'Calling do_set_wp with /home/jezs/Descargas/Wallpapers-main/cyberpunk-2077-glitch-logo-4k-wt.jpg, time: 1740230520.3966987'
INFO: 2025-02-22 08:22:00,398: compute_trimmed_offsets() 'Trimmed offsets debug info: w:1920, h:1080, ratio:1.777778, iw:3840, ih:2160, scw:1920, sch:1080, ho:0, vo:0'
INFO: 2025-02-22 08:22:00,398: build_imagemagick_clock_cmd() 'Applying clock filter: -density 100 -font `fc-match -f '%{file[0]}' 'Serif:70'` -pointsize 70 -gravity SouthEast -fill '#00000044' -annotate 0x0+58+108 '08:22' -fill white -annotate 0x0+60+110 '08:22' -font `fc-match -f '%{file[0]}' 'Serif:30'` -pointsize 30 -fill '#00000044' -annotate 0x0+58+58 'sábado, febrero 22' -fill white -annotate 0x0+60+60 'sábado, febrero 22''
INFO: 2025-02-22 08:22:00,398: build_imagemagick_clock_cmd() 'ImageMagick clock cmd: convert /home/jezs/Descargas/Wallpapers-main/cyberpunk-2077-glitch-logo-4k-wt.jpg -scale 1920x1080^ -density 100 -font `fc-match -f '%{file[0]}' 'Serif:70'` -pointsize 70 -gravity SouthEast -fill '#00000044' -annotate 0x0+58+108 '08:22' -fill white -annotate 0x0+60+110 '08:22' -font `fc-match -f '%{file[0]}' 'Serif:30'` -pointsize 30 -fill '#00000044' -annotate 0x0+58+58 'sábado, febrero 22' -fill white -annotate 0x0+60+60 'sábado, febrero 22' /home/jezs/.config/variety/wallpaper/wallpaper-clock-5681d1ed31e01e8f730ac5ee46fd67f3.jpg'
INFO: 2025-02-22 08:22:00,781: update_indicator() 'Setting file info to: /home/jezs/Descargas/Wallpapers-main/cyberpunk-2077-glitch-logo-4k-wt.jpg'
INFO: 2025-02-22 08:22:00,782: list_files() 'More than 1 files in the folders, stop listing'
INFO: 2025-02-22 08:23:00,412: clock_thread_method() 'clock_thread updates wallpaper'
INFO: 2025-02-22 08:23:00,413: do_set_wp() 'Calling do_set_wp with /home/jezs/Descargas/Wallpapers-main/cyberpunk-2077-glitch-logo-4k-wt.jpg, time: 1740230580.4136608'
INFO: 2025-02-22 08:23:00,415: compute_trimmed_offsets() 'Trimmed offsets debug info: w:1920, h:1080, ratio:1.777778, iw:3840, ih:2160, scw:1920, sch:1080, ho:0, vo:0'
INFO: 2025-02-22 08:23:00,415: build_imagemagick_clock_cmd() 'Applying clock filter: -density 100 -font `fc-match -f '%{file[0]}' 'Serif:70'` -pointsize 70 -gravity SouthEast -fill '#00000044' -annotate 0x0+58+108 '08:23' -fill white -annotate 0x0+60+110 '08:23' -font `fc-match -f '%{file[0]}' 'Serif:30'` -pointsize 30 -fill '#00000044' -annotate 0x0+58+58 'sábado, febrero 22' -fill white -annotate 0x0+60+60 'sábado, febrero 22''
INFO: 2025-02-22 08:23:00,415: build_imagemagick_clock_cmd() 'ImageMagick clock cmd: convert /home/jezs/Descargas/Wallpapers-main/cyberpunk-2077-glitch-logo-4k-wt.jpg -scale 1920x1080^ -density 100 -font `fc-match -f '%{file[0]}' 'Serif:70'` -pointsize 70 -gravity SouthEast -fill '#00000044' -annotate 0x0+58+108 '08:23' -fill white -annotate 0x0+60+110 '08:23' -font `fc-match -f '%{file[0]}' 'Serif:30'` -pointsize 30 -fill '#00000044' -annotate 0x0+58+58 'sábado, febrero 22' -fill white -annotate 0x0+60+60 'sábado, febrero 22' /home/jezs/.config/variety/wallpaper/wallpaper-clock-b62c63a3567cc8284dedb9a26d73d7cd.jpg'
INFO: 2025-02-22 08:23:00,773: update_indicator() 'Setting file info to: /home/jezs/Descargas/Wallpapers-main/cyberpunk-2077-glitch-logo-4k-wt.jpg'
INFO: 2025-02-22 08:23:00,774: list_files() 'More than 1 files in the folders, stop listing'
INFO: 2025-02-22 08:24:00,424: clock_thread_method() 'clock_thread updates wallpaper'
INFO: 2025-02-22 08:24:00,424: do_set_wp() 'Calling do_set_wp with /home/jezs/Descargas/Wallpapers-main/cyberpunk-2077-glitch-logo-4k-wt.jpg, time: 1740230640.4249122'
INFO: 2025-02-22 08:24:00,425: compute_trimmed_offsets() 'Trimmed offsets debug info: w:1920, h:1080, ratio:1.777778, iw:3840, ih:2160, scw:1920, sch:1080, ho:0, vo:0'
INFO: 2025-02-22 08:24:00,425: build_imagemagick_clock_cmd() 'Applying clock filter: -density 100 -font `fc-match -f '%{file[0]}' 'Serif:70'` -pointsize 70 -gravity SouthEast -fill '#00000044' -annotate 0x0+58+108 '08:24' -fill white -annotate 0x0+60+110 '08:24' -font `fc-match -f '%{file[0]}' 'Serif:30'` -pointsize 30 -fill '#00000044' -annotate 0x0+58+58 'sábado, febrero 22' -fill white -annotate 0x0+60+60 'sábado, febrero 22''
INFO: 2025-02-22 08:24:00,425: build_imagemagick_clock_cmd() 'ImageMagick clock cmd: convert /home/jezs/Descargas/Wallpapers-main/cyberpunk-2077-glitch-logo-4k-wt.jpg -scale 1920x1080^ -density 100 -font `fc-match -f '%{file[0]}' 'Serif:70'` -pointsize 70 -gravity SouthEast -fill '#00000044' -annotate 0x0+58+108 '08:24' -fill white -annotate 0x0+60+110 '08:24' -font `fc-match -f '%{file[0]}' 'Serif:30'` -pointsize 30 -fill '#00000044' -annotate 0x0+58+58 'sábado, febrero 22' -fill white -annotate 0x0+60+60 'sábado, febrero 22' /home/jezs/.config/variety/wallpaper/wallpaper-clock-8e39924f12110a45ba633696c4dc87df.jpg'
INFO: 2025-02-22 08:24:00,790: update_indicator() 'Setting file info to: /home/jezs/Descargas/Wallpapers-main/cyberpunk-2077-glitch-logo-4k-wt.jpg'
INFO: 2025-02-22 08:24:00,790: list_files() 'More than 1 files in the folders, stop listing'
INFO: 2025-02-22 08:25:00,435: clock_thread_method() 'clock_thread updates wallpaper'
INFO: 2025-02-22 08:25:00,436: do_set_wp() 'Calling do_set_wp with /home/jezs/Descargas/Wallpapers-main/cyberpunk-2077-glitch-logo-4k-wt.jpg, time: 1740230700.4365733'
INFO: 2025-02-22 08:25:00,438: compute_trimmed_offsets() 'Trimmed offsets debug info: w:1920, h:1080, ratio:1.777778, iw:3840, ih:2160, scw:1920, sch:1080, ho:0, vo:0'
INFO: 2025-02-22 08:25:00,438: build_imagemagick_clock_cmd() 'Applying clock filter: -density 100 -font `fc-match -f '%{file[0]}' 'Serif:70'` -pointsize 70 -gravity SouthEast -fill '#00000044' -annotate 0x0+58+108 '08:25' -fill white -annotate 0x0+60+110 '08:25' -font `fc-match -f '%{file[0]}' 'Serif:30'` -pointsize 30 -fill '#00000044' -annotate 0x0+58+58 'sábado, febrero 22' -fill white -annotate 0x0+60+60 'sábado, febrero 22''
INFO: 2025-02-22 08:25:00,438: build_imagemagick_clock_cmd() 'ImageMagick clock cmd: convert /home/jezs/Descargas/Wallpapers-main/cyberpunk-2077-glitch-logo-4k-wt.jpg -scale 1920x1080^ -density 100 -font `fc-match -f '%{file[0]}' 'Serif:70'` -pointsize 70 -gravity SouthEast -fill '#00000044' -annotate 0x0+58+108 '08:25' -fill white -annotate 0x0+60+110 '08:25' -font `fc-match -f '%{file[0]}' 'Serif:30'` -pointsize 30 -fill '#00000044' -annotate 0x0+58+58 'sábado, febrero 22' -fill white -annotate 0x0+60+60 'sábado, febrero 22' /home/jezs/.config/variety/wallpaper/wallpaper-clock-164149586ddfc28529312a6006e06278.jpg'
INFO: 2025-02-22 08:25:00,798: update_indicator() 'Setting file info to: /home/jezs/Descargas/Wallpapers-main/cyberpunk-2077-glitch-logo-4k-wt.jpg'
INFO: 2025-02-22 08:25:00,798: list_files() 'More than 1 files in the folders, stop listing'
INFO: 2025-02-22 08:25:32,097: regular_change_thread() 'regular_change changes wallpaper'
INFO: 2025-02-22 08:25:32,097: set_wallpaper() 'Calling set_wallpaper with /home/jezs/Descargas/Wallpapers-main/137325.jpg'
INFO: 2025-02-22 08:25:32,098: do_set_wp() 'Calling do_set_wp with /home/jezs/Descargas/Wallpapers-main/137325.jpg, time: 1740230732.0984876'
INFO: 2025-02-22 08:25:32,099: prepare_thread() 'Prepared buffer contains 72 images'
INFO: 2025-02-22 08:25:32,101: compute_trimmed_offsets() 'Trimmed offsets debug info: w:1920, h:1080, ratio:1.777778, iw:1920, ih:1080, scw:1920, sch:1080, ho:0, vo:0'
INFO: 2025-02-22 08:25:32,101: build_imagemagick_clock_cmd() 'Applying clock filter: -density 100 -font `fc-match -f '%{file[0]}' 'Serif:70'` -pointsize 70 -gravity SouthEast -fill '#00000044' -annotate 0x0+58+108 '08:25' -fill white -annotate 0x0+60+110 '08:25' -font `fc-match -f '%{file[0]}' 'Serif:30'` -pointsize 30 -fill '#00000044' -annotate 0x0+58+58 'sábado, febrero 22' -fill white -annotate 0x0+60+60 'sábado, febrero 22''
INFO: 2025-02-22 08:25:32,101: build_imagemagick_clock_cmd() 'ImageMagick clock cmd: convert /home/jezs/Descargas/Wallpapers-main/137325.jpg -scale 1920x1080^ -density 100 -font `fc-match -f '%{file[0]}' 'Serif:70'` -pointsize 70 -gravity SouthEast -fill '#00000044' -annotate 0x0+58+108 '08:25' -fill white -annotate 0x0+60+110 '08:25' -font `fc-match -f '%{file[0]}' 'Serif:30'` -pointsize 30 -fill '#00000044' -annotate 0x0+58+58 'sábado, febrero 22' -fill white -annotate 0x0+60+60 'sábado, febrero 22' /home/jezs/.config/variety/wallpaper/wallpaper-clock-1695520fc4b3f3b69bd362d01e87de97.jpg'
INFO: 2025-02-22 08:25:32,237: update_indicator() 'Setting file info to: /home/jezs/Descargas/Wallpapers-main/137325.jpg'
INFO: 2025-02-22 08:25:32,238: list_files() 'More than 1 files in the folders, stop listing'
INFO: 2025-02-22 08:25:34,100: trigger_download() 'Triggering download thread to check if download needed and possible'
INFO: 2025-02-22 08:26:00,447: clock_thread_method() 'clock_thread updates wallpaper'
INFO: 2025-02-22 08:26:00,447: do_set_wp() 'Calling do_set_wp with /home/jezs/Descargas/Wallpapers-main/137325.jpg, time: 1740230760.4477856'
INFO: 2025-02-22 08:26:00,449: compute_trimmed_offsets() 'Trimmed offsets debug info: w:1920, h:1080, ratio:1.777778, iw:1920, ih:1080, scw:1920, sch:1080, ho:0, vo:0'
INFO: 2025-02-22 08:26:00,449: build_imagemagick_clock_cmd() 'Applying clock filter: -density 100 -font `fc-match -f '%{file[0]}' 'Serif:70'` -pointsize 70 -gravity SouthEast -fill '#00000044' -annotate 0x0+58+108 '08:26' -fill white -annotate 0x0+60+110 '08:26' -font `fc-match -f '%{file[0]}' 'Serif:30'` -pointsize 30 -fill '#00000044' -annotate 0x0+58+58 'sábado, febrero 22' -fill white -annotate 0x0+60+60 'sábado, febrero 22''
INFO: 2025-02-22 08:26:00,450: build_imagemagick_clock_cmd() 'ImageMagick clock cmd: convert /home/jezs/Descargas/Wallpapers-main/137325.jpg -scale 1920x1080^ -density 100 -font `fc-match -f '%{file[0]}' 'Serif:70'` -pointsize 70 -gravity SouthEast -fill '#00000044' -annotate 0x0+58+108 '08:26' -fill white -annotate 0x0+60+110 '08:26' -font `fc-match -f '%{file[0]}' 'Serif:30'` -pointsize 30 -fill '#00000044' -annotate 0x0+58+58 'sábado, febrero 22' -fill white -annotate 0x0+60+60 'sábado, febrero 22' /home/jezs/.config/variety/wallpaper/wallpaper-clock-0ec4252cf6f541097909ede59d42b731.jpg'
INFO: 2025-02-22 08:26:00,585: update_indicator() 'Setting file info to: /home/jezs/Descargas/Wallpapers-main/137325.jpg'
INFO: 2025-02-22 08:26:00,586: list_files() 'More than 1 files in the folders, stop listing'
INFO: 2025-02-22 08:27:00,459: clock_thread_method() 'clock_thread updates wallpaper'
INFO: 2025-02-22 08:27:00,459: do_set_wp() 'Calling do_set_wp with /home/jezs/Descargas/Wallpapers-main/137325.jpg, time: 1740230820.4596403'
INFO: 2025-02-22 08:27:00,460: compute_trimmed_offsets() 'Trimmed offsets debug info: w:1920, h:1080, ratio:1.777778, iw:1920, ih:1080, scw:1920, sch:1080, ho:0, vo:0'
INFO: 2025-02-22 08:27:00,460: build_imagemagick_clock_cmd() 'Applying clock filter: -density 100 -font `fc-match -f '%{file[0]}' 'Serif:70'` -pointsize 70 -gravity SouthEast -fill '#00000044' -annotate 0x0+58+108 '08:27' -fill white -annotate 0x0+60+110 '08:27' -font `fc-match -f '%{file[0]}' 'Serif:30'` -pointsize 30 -fill '#00000044' -annotate 0x0+58+58 'sábado, febrero 22' -fill white -annotate 0x0+60+60 'sábado, febrero 22''
INFO: 2025-02-22 08:27:00,460: build_imagemagick_clock_cmd() 'ImageMagick clock cmd: convert /home/jezs/Descargas/Wallpapers-main/137325.jpg -scale 1920x1080^ -density 100 -font `fc-match -f '%{file[0]}' 'Serif:70'` -pointsize 70 -gravity SouthEast -fill '#00000044' -annotate 0x0+58+108 '08:27' -fill white -annotate 0x0+60+110 '08:27' -font `fc-match -f '%{file[0]}' 'Serif:30'` -pointsize 30 -fill '#00000044' -annotate 0x0+58+58 'sábado, febrero 22' -fill white -annotate 0x0+60+60 'sábado, febrero 22' /home/jezs/.config/variety/wallpaper/wallpaper-clock-a0d9615a1572935d16f517918100c5e0.jpg'
INFO: 2025-02-22 08:27:00,591: update_indicator() 'Setting file info to: /home/jezs/Descargas/Wallpapers-main/137325.jpg'
INFO: 2025-02-22 08:27:00,592: list_files() 'More than 1 files in the folders, stop listing'
INFO: 2025-02-22 08:28:00,471: clock_thread_method() 'clock_thread updates wallpaper'
INFO: 2025-02-22 08:28:00,471: do_set_wp() 'Calling do_set_wp with /home/jezs/Descargas/Wallpapers-main/137325.jpg, time: 1740230880.4713688'
INFO: 2025-02-22 08:28:00,471: compute_trimmed_offsets() 'Trimmed offsets debug info: w:1920, h:1080, ratio:1.777778, iw:1920, ih:1080, scw:1920, sch:1080, ho:0, vo:0'
INFO: 2025-02-22 08:28:00,471: build_imagemagick_clock_cmd() 'Applying clock filter: -density 100 -font `fc-match -f '%{file[0]}' 'Serif:70'` -pointsize 70 -gravity SouthEast -fill '#00000044' -annotate 0x0+58+108 '08:28' -fill white -annotate 0x0+60+110 '08:28' -font `fc-match -f '%{file[0]}' 'Serif:30'` -pointsize 30 -fill '#00000044' -annotate 0x0+58+58 'sábado, febrero 22' -fill white -annotate 0x0+60+60 'sábado, febrero 22''
INFO: 2025-02-22 08:28:00,471: build_imagemagick_clock_cmd() 'ImageMagick clock cmd: convert /home/jezs/Descargas/Wallpapers-main/137325.jpg -scale 1920x1080^ -density 100 -font `fc-match -f '%{file[0]}' 'Serif:70'` -pointsize 70 -gravity SouthEast -fill '#00000044' -annotate 0x0+58+108 '08:28' -fill white -annotate 0x0+60+110 '08:28' -font `fc-match -f '%{file[0]}' 'Serif:30'` -pointsize 30 -fill '#00000044' -annotate 0x0+58+58 'sábado, febrero 22' -fill white -annotate 0x0+60+60 'sábado, febrero 22' /home/jezs/.config/variety/wallpaper/wallpaper-clock-2abc72f9d4795508ed1c036790bcaecb.jpg'
INFO: 2025-02-22 08:28:00,603: update_indicator() 'Setting file info to: /home/jezs/Descargas/Wallpapers-main/137325.jpg'
INFO: 2025-02-22 08:28:00,603: list_files() 'More than 1 files in the folders, stop listing'
INFO: 2025-02-22 08:29:00,482: clock_thread_method() 'clock_thread updates wallpaper'
INFO: 2025-02-22 08:29:00,482: do_set_wp() 'Calling do_set_wp with /home/jezs/Descargas/Wallpapers-main/137325.jpg, time: 1740230940.4826756'
INFO: 2025-02-22 08:29:00,484: compute_trimmed_offsets() 'Trimmed offsets debug info: w:1920, h:1080, ratio:1.777778, iw:1920, ih:1080, scw:1920, sch:1080, ho:0, vo:0'
INFO: 2025-02-22 08:29:00,484: build_imagemagick_clock_cmd() 'Applying clock filter: -density 100 -font `fc-match -f '%{file[0]}' 'Serif:70'` -pointsize 70 -gravity SouthEast -fill '#00000044' -annotate 0x0+58+108 '08:29' -fill white -annotate 0x0+60+110 '08:29' -font `fc-match -f '%{file[0]}' 'Serif:30'` -pointsize 30 -fill '#00000044' -annotate 0x0+58+58 'sábado, febrero 22' -fill white -annotate 0x0+60+60 'sábado, febrero 22''
INFO: 2025-02-22 08:29:00,484: build_imagemagick_clock_cmd() 'ImageMagick clock cmd: convert /home/jezs/Descargas/Wallpapers-main/137325.jpg -scale 1920x1080^ -density 100 -font `fc-match -f '%{file[0]}' 'Serif:70'` -pointsize 70 -gravity SouthEast -fill '#00000044' -annotate 0x0+58+108 '08:29' -fill white -annotate 0x0+60+110 '08:29' -font `fc-match -f '%{file[0]}' 'Serif:30'` -pointsize 30 -fill '#00000044' -annotate 0x0+58+58 'sábado, febrero 22' -fill white -annotate 0x0+60+60 'sábado, febrero 22' /home/jezs/.config/variety/wallpaper/wallpaper-clock-27fffe35b5b02f6a0a993d158f44fe84.jpg'
INFO: 2025-02-22 08:29:00,635: update_indicator() 'Setting file info to: /home/jezs/Descargas/Wallpapers-main/137325.jpg'
INFO: 2025-02-22 08:29:00,635: list_files() 'More than 1 files in the folders, stop listing'
INFO: 2025-02-22 08:30:00,493: clock_thread_method() 'clock_thread updates wallpaper'
INFO: 2025-02-22 08:30:00,493: do_set_wp() 'Calling do_set_wp with /home/jezs/Descargas/Wallpapers-main/137325.jpg, time: 1740231000.4935093'
INFO: 2025-02-22 08:30:00,494: compute_trimmed_offsets() 'Trimmed offsets debug info: w:1920, h:1080, ratio:1.777778, iw:1920, ih:1080, scw:1920, sch:1080, ho:0, vo:0'
INFO: 2025-02-22 08:30:00,494: build_imagemagick_clock_cmd() 'Applying clock filter: -density 100 -font `fc-match -f '%{file[0]}' 'Serif:70'` -pointsize 70 -gravity SouthEast -fill '#00000044' -annotate 0x0+58+108 '08:30' -fill white -annotate 0x0+60+110 '08:30' -font `fc-match -f '%{file[0]}' 'Serif:30'` -pointsize 30 -fill '#00000044' -annotate 0x0+58+58 'sábado, febrero 22' -fill white -annotate 0x0+60+60 'sábado, febrero 22''
INFO: 2025-02-22 08:30:00,494: build_imagemagick_clock_cmd() 'ImageMagick clock cmd: convert /home/jezs/Descargas/Wallpapers-main/137325.jpg -scale 1920x1080^ -density 100 -font `fc-match -f '%{file[0]}' 'Serif:70'` -pointsize 70 -gravity SouthEast -fill '#00000044' -annotate 0x0+58+108 '08:30' -fill white -annotate 0x0+60+110 '08:30' -font `fc-match -f '%{file[0]}' 'Serif:30'` -pointsize 30 -fill '#00000044' -annotate 0x0+58+58 'sábado, febrero 22' -fill white -annotate 0x0+60+60 'sábado, febrero 22' /home/jezs/.config/variety/wallpaper/wallpaper-clock-24b5c7688eaa792a81017e3d84e4f467.jpg'
INFO: 2025-02-22 08:30:00,623: update_indicator() 'Setting file info to: /home/jezs/Descargas/Wallpapers-main/137325.jpg'
INFO: 2025-02-22 08:30:00,624: list_files() 'More than 1 files in the folders, stop listing'
INFO: 2025-02-22 08:30:32,301: regular_change_thread() 'regular_change changes wallpaper'
INFO: 2025-02-22 08:30:32,301: set_wallpaper() 'Calling set_wallpaper with /home/jezs/Descargas/Wallpapers-main/neon-biker-boy-4k-mj.jpg'
INFO: 2025-02-22 08:30:32,301: prepare_thread() 'Prepared buffer contains 71 images'
INFO: 2025-02-22 08:30:32,301: do_set_wp() 'Calling do_set_wp with /home/jezs/Descargas/Wallpapers-main/neon-biker-boy-4k-mj.jpg, time: 1740231032.3017979'
INFO: 2025-02-22 08:30:32,302: compute_trimmed_offsets() 'Trimmed offsets debug info: w:1920, h:1080, ratio:1.777778, iw:3840, ih:2160, scw:1920, sch:1080, ho:0, vo:0'
INFO: 2025-02-22 08:30:32,302: build_imagemagick_clock_cmd() 'Applying clock filter: -density 100 -font `fc-match -f '%{file[0]}' 'Serif:70'` -pointsize 70 -gravity SouthEast -fill '#00000044' -annotate 0x0+58+108 '08:30' -fill white -annotate 0x0+60+110 '08:30' -font `fc-match -f '%{file[0]}' 'Serif:30'` -pointsize 30 -fill '#00000044' -annotate 0x0+58+58 'sábado, febrero 22' -fill white -annotate 0x0+60+60 'sábado, febrero 22''
INFO: 2025-02-22 08:30:32,302: build_imagemagick_clock_cmd() 'ImageMagick clock cmd: convert /home/jezs/Descargas/Wallpapers-main/neon-biker-boy-4k-mj.jpg -scale 1920x1080^ -density 100 -font `fc-match -f '%{file[0]}' 'Serif:70'` -pointsize 70 -gravity SouthEast -fill '#00000044' -annotate 0x0+58+108 '08:30' -fill white -annotate 0x0+60+110 '08:30' -font `fc-match -f '%{file[0]}' 'Serif:30'` -pointsize 30 -fill '#00000044' -annotate 0x0+58+58 'sábado, febrero 22' -fill white -annotate 0x0+60+60 'sábado, febrero 22' /home/jezs/.config/variety/wallpaper/wallpaper-clock-3a3eb5c6f59461c9e5beb0de8e59f016.jpg'
INFO: 2025-02-22 08:30:32,645: update_indicator() 'Setting file info to: /home/jezs/Descargas/Wallpapers-main/neon-biker-boy-4k-mj.jpg'
INFO: 2025-02-22 08:30:32,645: list_files() 'More than 1 files in the folders, stop listing'
INFO: 2025-02-22 08:30:34,301: trigger_download() 'Triggering download thread to check if download needed and possible'
INFO: 2025-02-22 08:31:00,503: clock_thread_method() 'clock_thread updates wallpaper'
INFO: 2025-02-22 08:31:00,504: do_set_wp() 'Calling do_set_wp with /home/jezs/Descargas/Wallpapers-main/neon-biker-boy-4k-mj.jpg, time: 1740231060.5040278'
INFO: 2025-02-22 08:31:00,504: compute_trimmed_offsets() 'Trimmed offsets debug info: w:1920, h:1080, ratio:1.777778, iw:3840, ih:2160, scw:1920, sch:1080, ho:0, vo:0'
INFO: 2025-02-22 08:31:00,504: build_imagemagick_clock_cmd() 'Applying clock filter: -density 100 -font `fc-match -f '%{file[0]}' 'Serif:70'` -pointsize 70 -gravity SouthEast -fill '#00000044' -annotate 0x0+58+108 '08:31' -fill white -annotate 0x0+60+110 '08:31' -font `fc-match -f '%{file[0]}' 'Serif:30'` -pointsize 30 -fill '#00000044' -annotate 0x0+58+58 'sábado, febrero 22' -fill white -annotate 0x0+60+60 'sábado, febrero 22''
INFO: 2025-02-22 08:31:00,504: build_imagemagick_clock_cmd() 'ImageMagick clock cmd: convert /home/jezs/Descargas/Wallpapers-main/neon-biker-boy-4k-mj.jpg -scale 1920x1080^ -density 100 -font `fc-match -f '%{file[0]}' 'Serif:70'` -pointsize 70 -gravity SouthEast -fill '#00000044' -annotate 0x0+58+108 '08:31' -fill white -annotate 0x0+60+110 '08:31' -font `fc-match -f '%{file[0]}' 'Serif:30'` -pointsize 30 -fill '#00000044' -annotate 0x0+58+58 'sábado, febrero 22' -fill white -annotate 0x0+60+60 'sábado, febrero 22' /home/jezs/.config/variety/wallpaper/wallpaper-clock-1135bc64b49806c043a99a9853f35790.jpg'
INFO: 2025-02-22 08:31:00,850: update_indicator() 'Setting file info to: /home/jezs/Descargas/Wallpapers-main/neon-biker-boy-4k-mj.jpg'
INFO: 2025-02-22 08:31:00,850: list_files() 'More than 1 files in the folders, stop listing'
INFO: 2025-02-22 08:32:00,514: clock_thread_method() 'clock_thread updates wallpaper'
INFO: 2025-02-22 08:32:00,514: do_set_wp() 'Calling do_set_wp with /home/jezs/Descargas/Wallpapers-main/neon-biker-boy-4k-mj.jpg, time: 1740231120.5144722'
INFO: 2025-02-22 08:32:00,514: compute_trimmed_offsets() 'Trimmed offsets debug info: w:1920, h:1080, ratio:1.777778, iw:3840, ih:2160, scw:1920, sch:1080, ho:0, vo:0'
INFO: 2025-02-22 08:32:00,515: build_imagemagick_clock_cmd() 'Applying clock filter: -density 100 -font `fc-match -f '%{file[0]}' 'Serif:70'` -pointsize 70 -gravity SouthEast -fill '#00000044' -annotate 0x0+58+108 '08:32' -fill white -annotate 0x0+60+110 '08:32' -font `fc-match -f '%{file[0]}' 'Serif:30'` -pointsize 30 -fill '#00000044' -annotate 0x0+58+58 'sábado, febrero 22' -fill white -annotate 0x0+60+60 'sábado, febrero 22''
INFO: 2025-02-22 08:32:00,515: build_imagemagick_clock_cmd() 'ImageMagick clock cmd: convert /home/jezs/Descargas/Wallpapers-main/neon-biker-boy-4k-mj.jpg -scale 1920x1080^ -density 100 -font `fc-match -f '%{file[0]}' 'Serif:70'` -pointsize 70 -gravity SouthEast -fill '#00000044' -annotate 0x0+58+108 '08:32' -fill white -annotate 0x0+60+110 '08:32' -font `fc-match -f '%{file[0]}' 'Serif:30'` -pointsize 30 -fill '#00000044' -annotate 0x0+58+58 'sábado, febrero 22' -fill white -annotate 0x0+60+60 'sábado, febrero 22' /home/jezs/.config/variety/wallpaper/wallpaper-clock-a4b4f6e733cfd318c1dedfef8ae18b5f.jpg'
INFO: 2025-02-22 08:32:00,858: update_indicator() 'Setting file info to: /home/jezs/Descargas/Wallpapers-main/neon-biker-boy-4k-mj.jpg'
INFO: 2025-02-22 08:32:00,858: list_files() 'More than 1 files in the folders, stop listing'
INFO: 2025-02-22 08:33:00,525: clock_thread_method() 'clock_thread updates wallpaper'
INFO: 2025-02-22 08:33:00,526: do_set_wp() 'Calling do_set_wp with /home/jezs/Descargas/Wallpapers-main/neon-biker-boy-4k-mj.jpg, time: 1740231180.5260577'
INFO: 2025-02-22 08:33:00,527: compute_trimmed_offsets() 'Trimmed offsets debug info: w:1920, h:1080, ratio:1.777778, iw:3840, ih:2160, scw:1920, sch:1080, ho:0, vo:0'
INFO: 2025-02-22 08:33:00,528: build_imagemagick_clock_cmd() 'Applying clock filter: -density 100 -font `fc-match -f '%{file[0]}' 'Serif:70'` -pointsize 70 -gravity SouthEast -fill '#00000044' -annotate 0x0+58+108 '08:33' -fill white -annotate 0x0+60+110 '08:33' -font `fc-match -f '%{file[0]}' 'Serif:30'` -pointsize 30 -fill '#00000044' -annotate 0x0+58+58 'sábado, febrero 22' -fill white -annotate 0x0+60+60 'sábado, febrero 22''
INFO: 2025-02-22 08:33:00,528: build_imagemagick_clock_cmd() 'ImageMagick clock cmd: convert /home/jezs/Descargas/Wallpapers-main/neon-biker-boy-4k-mj.jpg -scale 1920x1080^ -density 100 -font `fc-match -f '%{file[0]}' 'Serif:70'` -pointsize 70 -gravity SouthEast -fill '#00000044' -annotate 0x0+58+108 '08:33' -fill white -annotate 0x0+60+110 '08:33' -font `fc-match -f '%{file[0]}' 'Serif:30'` -pointsize 30 -fill '#00000044' -annotate 0x0+58+58 'sábado, febrero 22' -fill white -annotate 0x0+60+60 'sábado, febrero 22' /home/jezs/.config/variety/wallpaper/wallpaper-clock-65e2d286dca04a190a98f3864e864130.jpg'
INFO: 2025-02-22 08:33:00,871: update_indicator() 'Setting file info to: /home/jezs/Descargas/Wallpapers-main/neon-biker-boy-4k-mj.jpg'
INFO: 2025-02-22 08:33:00,872: list_files() 'More than 1 files in the folders, stop listing'
INFO: 2025-02-22 08:34:00,539: clock_thread_method() 'clock_thread updates wallpaper'
INFO: 2025-02-22 08:34:00,540: do_set_wp() 'Calling do_set_wp with /home/jezs/Descargas/Wallpapers-main/neon-biker-boy-4k-mj.jpg, time: 1740231240.5402007'
INFO: 2025-02-22 08:34:00,541: compute_trimmed_offsets() 'Trimmed offsets debug info: w:1920, h:1080, ratio:1.777778, iw:3840, ih:2160, scw:1920, sch:1080, ho:0, vo:0'
INFO: 2025-02-22 08:34:00,542: build_imagemagick_clock_cmd() 'Applying clock filter: -density 100 -font `fc-match -f '%{file[0]}' 'Serif:70'` -pointsize 70 -gravity SouthEast -fill '#00000044' -annotate 0x0+58+108 '08:34' -fill white -annotate 0x0+60+110 '08:34' -font `fc-match -f '%{file[0]}' 'Serif:30'` -pointsize 30 -fill '#00000044' -annotate 0x0+58+58 'sábado, febrero 22' -fill white -annotate 0x0+60+60 'sábado, febrero 22''
INFO: 2025-02-22 08:34:00,542: build_imagemagick_clock_cmd() 'ImageMagick clock cmd: convert /home/jezs/Descargas/Wallpapers-main/neon-biker-boy-4k-mj.jpg -scale 1920x1080^ -density 100 -font `fc-match -f '%{file[0]}' 'Serif:70'` -pointsize 70 -gravity SouthEast -fill '#00000044' -annotate 0x0+58+108 '08:34' -fill white -annotate 0x0+60+110 '08:34' -font `fc-match -f '%{file[0]}' 'Serif:30'` -pointsize 30 -fill '#00000044' -annotate 0x0+58+58 'sábado, febrero 22' -fill white -annotate 0x0+60+60 'sábado, febrero 22' /home/jezs/.config/variety/wallpaper/wallpaper-clock-27fad8aec6746588f34477c5094e5d3a.jpg'
INFO: 2025-02-22 08:34:00,881: update_indicator() 'Setting file info to: /home/jezs/Descargas/Wallpapers-main/neon-biker-boy-4k-mj.jpg'
INFO: 2025-02-22 08:34:00,882: list_files() 'More than 1 files in the folders, stop listing'
INFO: 2025-02-22 08:35:00,553: clock_thread_method() 'clock_thread updates wallpaper'
INFO: 2025-02-22 08:35:00,553: do_set_wp() 'Calling do_set_wp with /home/jezs/Descargas/Wallpapers-main/neon-biker-boy-4k-mj.jpg, time: 1740231300.5537853'
INFO: 2025-02-22 08:35:00,555: compute_trimmed_offsets() 'Trimmed offsets debug info: w:1920, h:1080, ratio:1.777778, iw:3840, ih:2160, scw:1920, sch:1080, ho:0, vo:0'
INFO: 2025-02-22 08:35:00,555: build_imagemagick_clock_cmd() 'Applying clock filter: -density 100 -font `fc-match -f '%{file[0]}' 'Serif:70'` -pointsize 70 -gravity SouthEast -fill '#00000044' -annotate 0x0+58+108 '08:35' -fill white -annotate 0x0+60+110 '08:35' -font `fc-match -f '%{file[0]}' 'Serif:30'` -pointsize 30 -fill '#00000044' -annotate 0x0+58+58 'sábado, febrero 22' -fill white -annotate 0x0+60+60 'sábado, febrero 22''
INFO: 2025-02-22 08:35:00,556: build_imagemagick_clock_cmd() 'ImageMagick clock cmd: convert /home/jezs/Descargas/Wallpapers-main/neon-biker-boy-4k-mj.jpg -scale 1920x1080^ -density 100 -font `fc-match -f '%{file[0]}' 'Serif:70'` -pointsize 70 -gravity SouthEast -fill '#00000044' -annotate 0x0+58+108 '08:35' -fill white -annotate 0x0+60+110 '08:35' -font `fc-match -f '%{file[0]}' 'Serif:30'` -pointsize 30 -fill '#00000044' -annotate 0x0+58+58 'sábado, febrero 22' -fill white -annotate 0x0+60+60 'sábado, febrero 22' /home/jezs/.config/variety/wallpaper/wallpaper-clock-a4225b512b79ae2e3fc69293c9438072.jpg'
INFO: 2025-02-22 08:35:00,897: update_indicator() 'Setting file info to: /home/jezs/Descargas/Wallpapers-main/neon-biker-boy-4k-mj.jpg'
INFO: 2025-02-22 08:35:00,898: list_files() 'More than 1 files in the folders, stop listing'
INFO: 2025-02-22 08:35:32,759: regular_change_thread() 'regular_change changes wallpaper'
INFO: 2025-02-22 08:35:32,759: set_wallpaper() 'Calling set_wallpaper with /home/jezs/Descargas/Wallpapers-main/2019-battlefield-4-rs.jpg'
INFO: 2025-02-22 08:35:32,759: prepare_thread() 'Prepared buffer contains 70 images'
INFO: 2025-02-22 08:35:32,759: do_set_wp() 'Calling do_set_wp with /home/jezs/Descargas/Wallpapers-main/2019-battlefield-4-rs.jpg, time: 1740231332.7597733'
INFO: 2025-02-22 08:35:32,760: compute_trimmed_offsets() 'Trimmed offsets debug info: w:1920, h:1080, ratio:1.777778, iw:3840, ih:2400, scw:1920, sch:1200, ho:0, vo:60'
INFO: 2025-02-22 08:35:32,760: build_imagemagick_clock_cmd() 'Applying clock filter: -density 100 -font `fc-match -f '%{file[0]}' 'Serif:70'` -pointsize 70 -gravity SouthEast -fill '#00000044' -annotate 0x0+58+168 '08:35' -fill white -annotate 0x0+60+170 '08:35' -font `fc-match -f '%{file[0]}' 'Serif:30'` -pointsize 30 -fill '#00000044' -annotate 0x0+58+118 'sábado, febrero 22' -fill white -annotate 0x0+60+120 'sábado, febrero 22''
INFO: 2025-02-22 08:35:32,760: build_imagemagick_clock_cmd() 'ImageMagick clock cmd: convert /home/jezs/Descargas/Wallpapers-main/2019-battlefield-4-rs.jpg -scale 1920x1080^ -density 100 -font `fc-match -f '%{file[0]}' 'Serif:70'` -pointsize 70 -gravity SouthEast -fill '#00000044' -annotate 0x0+58+168 '08:35' -fill white -annotate 0x0+60+170 '08:35' -font `fc-match -f '%{file[0]}' 'Serif:30'` -pointsize 30 -fill '#00000044' -annotate 0x0+58+118 'sábado, febrero 22' -fill white -annotate 0x0+60+120 'sábado, febrero 22' /home/jezs/.config/variety/wallpaper/wallpaper-clock-b844f760f8d0512417e86a405064102c.jpg'
INFO: 2025-02-22 08:35:33,143: update_indicator() 'Setting file info to: /home/jezs/Descargas/Wallpapers-main/2019-battlefield-4-rs.jpg'
INFO: 2025-02-22 08:35:33,144: list_files() 'More than 1 files in the folders, stop listing'
INFO: 2025-02-22 08:35:34,759: trigger_download() 'Triggering download thread to check if download needed and possible'
INFO: 2025-02-22 08:36:00,564: clock_thread_method() 'clock_thread updates wallpaper'
INFO: 2025-02-22 08:36:00,565: do_set_wp() 'Calling do_set_wp with /home/jezs/Descargas/Wallpapers-main/2019-battlefield-4-rs.jpg, time: 1740231360.565232'
INFO: 2025-02-22 08:36:00,566: compute_trimmed_offsets() 'Trimmed offsets debug info: w:1920, h:1080, ratio:1.777778, iw:3840, ih:2400, scw:1920, sch:1200, ho:0, vo:60'
INFO: 2025-02-22 08:36:00,567: build_imagemagick_clock_cmd() 'Applying clock filter: -density 100 -font `fc-match -f '%{file[0]}' 'Serif:70'` -pointsize 70 -gravity SouthEast -fill '#00000044' -annotate 0x0+58+168 '08:36' -fill white -annotate 0x0+60+170 '08:36' -font `fc-match -f '%{file[0]}' 'Serif:30'` -pointsize 30 -fill '#00000044' -annotate 0x0+58+118 'sábado, febrero 22' -fill white -annotate 0x0+60+120 'sábado, febrero 22''
INFO: 2025-02-22 08:36:00,567: build_imagemagick_clock_cmd() 'ImageMagick clock cmd: convert /home/jezs/Descargas/Wallpapers-main/2019-battlefield-4-rs.jpg -scale 1920x1080^ -density 100 -font `fc-match -f '%{file[0]}' 'Serif:70'` -pointsize 70 -gravity SouthEast -fill '#00000044' -annotate 0x0+58+168 '08:36' -fill white -annotate 0x0+60+170 '08:36' -font `fc-match -f '%{file[0]}' 'Serif:30'` -pointsize 30 -fill '#00000044' -annotate 0x0+58+118 'sábado, febrero 22' -fill white -annotate 0x0+60+120 'sábado, febrero 22' /home/jezs/.config/variety/wallpaper/wallpaper-clock-8c0cb2ab50a4f109a9395e4ae8ac4abb.jpg'
INFO: 2025-02-22 08:36:00,949: update_indicator() 'Setting file info to: /home/jezs/Descargas/Wallpapers-main/2019-battlefield-4-rs.jpg'
INFO: 2025-02-22 08:36:00,949: list_files() 'More than 1 files in the folders, stop listing'
INFO: 2025-02-22 08:37:00,576: clock_thread_method() 'clock_thread updates wallpaper'
INFO: 2025-02-22 08:37:00,576: do_set_wp() 'Calling do_set_wp with /home/jezs/Descargas/Wallpapers-main/2019-battlefield-4-rs.jpg, time: 1740231420.5769403'
INFO: 2025-02-22 08:37:00,578: compute_trimmed_offsets() 'Trimmed offsets debug info: w:1920, h:1080, ratio:1.777778, iw:3840, ih:2400, scw:1920, sch:1200, ho:0, vo:60'
INFO: 2025-02-22 08:37:00,579: build_imagemagick_clock_cmd() 'Applying clock filter: -density 100 -font `fc-match -f '%{file[0]}' 'Serif:70'` -pointsize 70 -gravity SouthEast -fill '#00000044' -annotate 0x0+58+168 '08:37' -fill white -annotate 0x0+60+170 '08:37' -font `fc-match -f '%{file[0]}' 'Serif:30'` -pointsize 30 -fill '#00000044' -annotate 0x0+58+118 'sábado, febrero 22' -fill white -annotate 0x0+60+120 'sábado, febrero 22''
INFO: 2025-02-22 08:37:00,579: build_imagemagick_clock_cmd() 'ImageMagick clock cmd: convert /home/jezs/Descargas/Wallpapers-main/2019-battlefield-4-rs.jpg -scale 1920x1080^ -density 100 -font `fc-match -f '%{file[0]}' 'Serif:70'` -pointsize 70 -gravity SouthEast -fill '#00000044' -annotate 0x0+58+168 '08:37' -fill white -annotate 0x0+60+170 '08:37' -font `fc-match -f '%{file[0]}' 'Serif:30'` -pointsize 30 -fill '#00000044' -annotate 0x0+58+118 'sábado, febrero 22' -fill white -annotate 0x0+60+120 'sábado, febrero 22' /home/jezs/.config/variety/wallpaper/wallpaper-clock-231dfac70ef1046ade9ae7371c4d5c77.jpg'
INFO: 2025-02-22 08:37:00,963: update_indicator() 'Setting file info to: /home/jezs/Descargas/Wallpapers-main/2019-battlefield-4-rs.jpg'
INFO: 2025-02-22 08:37:00,964: list_files() 'More than 1 files in the folders, stop listing'
